<?xml version="1.0" encoding="UTF-8"?>
<testsuite xmlns:xsi="http://www.w3.org/2001/XMLSchema-instance" xsi:noNamespaceSchemaLocation="https://maven.apache.org/surefire/maven-surefire-plugin/xsd/surefire-test-report.xsd" name="test.java.MainTest" time="0.003" tests="7" errors="5" skipped="0" failures="1">
  <properties>
    <property name="java.specification.version" value="21"/>
    <property name="sun.cpu.isalist" value="amd64"/>
    <property name="sun.jnu.encoding" value="Cp1252"/>
    <property name="java.class.path" value="C:\Users\Adn\Desktop\Nueva carpeta (2)\LDH-PrFinal\target\test-classes;C:\Users\Adn\Desktop\Nueva carpeta (2)\LDH-PrFinal\target\generated-classes\cobertura;C:\Users\Adn\.m2\repository\org\junit\jupiter\junit-jupiter-api\5.10.1\junit-jupiter-api-5.10.1.jar;C:\Users\Adn\.m2\repository\org\opentest4j\opentest4j\1.3.0\opentest4j-1.3.0.jar;C:\Users\Adn\.m2\repository\org\junit\platform\junit-platform-commons\1.10.1\junit-platform-commons-1.10.1.jar;C:\Users\Adn\.m2\repository\org\apiguardian\apiguardian-api\1.1.2\apiguardian-api-1.1.2.jar;C:\Users\Adn\.m2\repository\com\google\guava\guava\32.1.3-jre\guava-32.1.3-jre.jar;C:\Users\Adn\.m2\repository\com\google\guava\failureaccess\1.0.1\failureaccess-1.0.1.jar;C:\Users\Adn\.m2\repository\com\google\guava\listenablefuture\9999.0-empty-to-avoid-conflict-with-guava\listenablefuture-9999.0-empty-to-avoid-conflict-with-guava.jar;C:\Users\Adn\.m2\repository\com\google\code\findbugs\jsr305\3.0.2\jsr305-3.0.2.jar;C:\Users\Adn\.m2\repository\org\checkerframework\checker-qual\3.37.0\checker-qual-3.37.0.jar;C:\Users\Adn\.m2\repository\com\google\errorprone\error_prone_annotations\2.21.1\error_prone_annotations-2.21.1.jar;C:\Users\Adn\.m2\repository\com\google\j2objc\j2objc-annotations\2.8\j2objc-annotations-2.8.jar;C:\Users\Adn\.m2\repository\org\junit\jupiter\junit-jupiter-engine\5.10.1\junit-jupiter-engine-5.10.1.jar;C:\Users\Adn\.m2\repository\org\junit\platform\junit-platform-engine\1.10.1\junit-platform-engine-1.10.1.jar;C:\Users\Adn\.m2\repository\org\codehaus\plexus\plexus-classworlds\2.7.0\plexus-classworlds-2.7.0.jar;C:\Users\Adn\.m2\repository\org\apache\maven\plugins\maven-site-plugin\4.0.0-M12\maven-site-plugin-4.0.0-M12.jar;C:\Users\Adn\.m2\repository\org\apache\maven\reporting\maven-reporting-api\4.0.0-M9\maven-reporting-api-4.0.0-M9.jar;C:\Users\Adn\.m2\repository\org\apache\maven\reporting\maven-reporting-exec\2.0.0-M12\maven-reporting-exec-2.0.0-M12.jar;C:\Users\Adn\.m2\repository\org\apache\maven\maven-core\3.2.5\maven-core-3.2.5.jar;C:\Users\Adn\.m2\repository\org\apache\maven\maven-repository-metadata\3.2.5\maven-repository-metadata-3.2.5.jar;C:\Users\Adn\.m2\repository\org\apache\maven\maven-model-builder\3.2.5\maven-model-builder-3.2.5.jar;C:\Users\Adn\.m2\repository\org\apache\maven\maven-aether-provider\3.2.5\maven-aether-provider-3.2.5.jar;C:\Users\Adn\.m2\repository\org\eclipse\aether\aether-spi\1.0.0.v20140518\aether-spi-1.0.0.v20140518.jar;C:\Users\Adn\.m2\repository\org\eclipse\aether\aether-impl\1.0.0.v20140518\aether-impl-1.0.0.v20140518.jar;C:\Users\Adn\.m2\repository\org\sonatype\sisu\sisu-guice\3.2.3\sisu-guice-3.2.3-no_aop.jar;C:\Users\Adn\.m2\repository\aopalliance\aopalliance\1.0\aopalliance-1.0.jar;C:\Users\Adn\.m2\repository\org\sonatype\plexus\plexus-sec-dispatcher\1.3\plexus-sec-dispatcher-1.3.jar;C:\Users\Adn\.m2\repository\org\sonatype\plexus\plexus-cipher\1.4\plexus-cipher-1.4.jar;C:\Users\Adn\.m2\repository\org\apache\maven\maven-model\3.2.5\maven-model-3.2.5.jar;C:\Users\Adn\.m2\repository\org\apache\maven\maven-plugin-api\3.2.5\maven-plugin-api-3.2.5.jar;C:\Users\Adn\.m2\repository\org\apache\maven\maven-settings\3.2.5\maven-settings-3.2.5.jar;C:\Users\Adn\.m2\repository\org\apache\maven\maven-settings-builder\3.2.5\maven-settings-builder-3.2.5.jar;C:\Users\Adn\.m2\repository\org\eclipse\aether\aether-api\1.0.0.v20140518\aether-api-1.0.0.v20140518.jar;C:\Users\Adn\.m2\repository\org\eclipse\aether\aether-util\1.0.0.v20140518\aether-util-1.0.0.v20140518.jar;C:\Users\Adn\.m2\repository\org\apache\maven\shared\maven-shared-utils\3.4.2\maven-shared-utils-3.4.2.jar;C:\Users\Adn\.m2\repository\commons-io\commons-io\2.11.0\commons-io-2.11.0.jar;C:\Users\Adn\.m2\repository\org\apache\maven\maven-archiver\3.6.1\maven-archiver-3.6.1.jar;C:\Users\Adn\.m2\repository\org\codehaus\plexus\plexus-interpolation\1.26\plexus-interpolation-1.26.jar;C:\Users\Adn\.m2\repository\org\codehaus\plexus\plexus-archiver\4.9.0\plexus-archiver-4.9.0.jar;C:\Users\Adn\.m2\repository\org\codehaus\plexus\plexus-io\3.4.1\plexus-io-3.4.1.jar;C:\Users\Adn\.m2\repository\org\apache\commons\commons-compress\1.24.0\commons-compress-1.24.0.jar;C:\Users\Adn\.m2\repository\org\iq80\snappy\snappy\0.4\snappy-0.4.jar;C:\Users\Adn\.m2\repository\org\tukaani\xz\1.9\xz-1.9.jar;C:\Users\Adn\.m2\repository\com\github\luben\zstd-jni\1.5.5-10\zstd-jni-1.5.5-10.jar;C:\Users\Adn\.m2\repository\org\codehaus\plexus\plexus-i18n\1.0-beta-10\plexus-i18n-1.0-beta-10.jar;C:\Users\Adn\.m2\repository\org\codehaus\plexus\plexus-utils\4.0.0\plexus-utils-4.0.0.jar;C:\Users\Adn\.m2\repository\org\codehaus\plexus\plexus-xml\3.0.0\plexus-xml-3.0.0.jar;C:\Users\Adn\.m2\repository\org\apache\maven\doxia\doxia-sink-api\2.0.0-M8\doxia-sink-api-2.0.0-M8.jar;C:\Users\Adn\.m2\repository\org\apache\maven\doxia\doxia-core\2.0.0-M8\doxia-core-2.0.0-M8.jar;C:\Users\Adn\.m2\repository\org\apache\commons\commons-text\1.10.0\commons-text-1.10.0.jar;C:\Users\Adn\.m2\repository\org\apache\maven\doxia\doxia-module-xhtml5\2.0.0-M8\doxia-module-xhtml5-2.0.0-M8.jar;C:\Users\Adn\.m2\repository\org\apache\maven\doxia\doxia-module-apt\2.0.0-M8\doxia-module-apt-2.0.0-M8.jar;C:\Users\Adn\.m2\repository\org\apache\maven\doxia\doxia-module-xdoc\2.0.0-M8\doxia-module-xdoc-2.0.0-M8.jar;C:\Users\Adn\.m2\repository\org\apache\maven\doxia\doxia-module-fml\2.0.0-M8\doxia-module-fml-2.0.0-M8.jar;C:\Users\Adn\.m2\repository\org\apache\maven\doxia\doxia-module-markdown\2.0.0-M8\doxia-module-markdown-2.0.0-M8.jar;C:\Users\Adn\.m2\repository\com\vladsch\flexmark\flexmark\0.62.2\flexmark-0.62.2.jar;C:\Users\Adn\.m2\repository\com\vladsch\flexmark\flexmark-util-builder\0.62.2\flexmark-util-builder-0.62.2.jar;C:\Users\Adn\.m2\repository\com\vladsch\flexmark\flexmark-util-collection\0.62.2\flexmark-util-collection-0.62.2.jar;C:\Users\Adn\.m2\repository\com\vladsch\flexmark\flexmark-util-dependency\0.62.2\flexmark-util-dependency-0.62.2.jar;C:\Users\Adn\.m2\repository\com\vladsch\flexmark\flexmark-util-format\0.62.2\flexmark-util-format-0.62.2.jar;C:\Users\Adn\.m2\repository\com\vladsch\flexmark\flexmark-util-html\0.62.2\flexmark-util-html-0.62.2.jar;C:\Users\Adn\.m2\repository\com\vladsch\flexmark\flexmark-util-visitor\0.62.2\flexmark-util-visitor-0.62.2.jar;C:\Users\Adn\.m2\repository\com\vladsch\flexmark\flexmark-util-data\0.62.2\flexmark-util-data-0.62.2.jar;C:\Users\Adn\.m2\repository\com\vladsch\flexmark\flexmark-util-misc\0.62.2\flexmark-util-misc-0.62.2.jar;C:\Users\Adn\.m2\repository\com\vladsch\flexmark\flexmark-util-sequence\0.62.2\flexmark-util-sequence-0.62.2.jar;C:\Users\Adn\.m2\repository\com\vladsch\flexmark\flexmark-util-ast\0.62.2\flexmark-util-ast-0.62.2.jar;C:\Users\Adn\.m2\repository\com\vladsch\flexmark\flexmark-ext-abbreviation\0.62.2\flexmark-ext-abbreviation-0.62.2.jar;C:\Users\Adn\.m2\repository\com\vladsch\flexmark\flexmark-util\0.62.2\flexmark-util-0.62.2.jar;C:\Users\Adn\.m2\repository\com\vladsch\flexmark\flexmark-util-options\0.62.2\flexmark-util-options-0.62.2.jar;C:\Users\Adn\.m2\repository\com\vladsch\flexmark\flexmark-ext-autolink\0.62.2\flexmark-ext-autolink-0.62.2.jar;C:\Users\Adn\.m2\repository\org\nibor\autolink\autolink\0.6.0\autolink-0.6.0.jar;C:\Users\Adn\.m2\repository\com\vladsch\flexmark\flexmark-ext-definition\0.62.2\flexmark-ext-definition-0.62.2.jar;C:\Users\Adn\.m2\repository\com\vladsch\flexmark\flexmark-ext-escaped-character\0.62.2\flexmark-ext-escaped-character-0.62.2.jar;C:\Users\Adn\.m2\repository\com\vladsch\flexmark\flexmark-ext-gfm-strikethrough\0.62.2\flexmark-ext-gfm-strikethrough-0.62.2.jar;C:\Users\Adn\.m2\repository\com\vladsch\flexmark\flexmark-ext-tables\0.62.2\flexmark-ext-tables-0.62.2.jar;C:\Users\Adn\.m2\repository\com\vladsch\flexmark\flexmark-ext-typographic\0.62.2\flexmark-ext-typographic-0.62.2.jar;C:\Users\Adn\.m2\repository\com\vladsch\flexmark\flexmark-ext-wikilink\0.62.2\flexmark-ext-wikilink-0.62.2.jar;C:\Users\Adn\.m2\repository\com\vladsch\flexmark\flexmark-ext-yaml-front-matter\0.62.2\flexmark-ext-yaml-front-matter-0.62.2.jar;C:\Users\Adn\.m2\repository\org\jetbrains\annotations\24.0.1\annotations-24.0.1.jar;C:\Users\Adn\.m2\repository\org\apache\maven\doxia\doxia-site-model\2.0.0-M16\doxia-site-model-2.0.0-M16.jar;C:\Users\Adn\.m2\repository\org\apache\maven\doxia\doxia-integration-tools\2.0.0-M16\doxia-integration-tools-2.0.0-M16.jar;C:\Users\Adn\.m2\repository\org\apache\commons\commons-lang3\3.13.0\commons-lang3-3.13.0.jar;C:\Users\Adn\.m2\repository\org\eclipse\jetty\jetty-server\9.4.53.v20231009\jetty-server-9.4.53.v20231009.jar;C:\Users\Adn\.m2\repository\javax\servlet\javax.servlet-api\3.1.0\javax.servlet-api-3.1.0.jar;C:\Users\Adn\.m2\repository\org\eclipse\jetty\jetty-io\9.4.53.v20231009\jetty-io-9.4.53.v20231009.jar;C:\Users\Adn\.m2\repository\org\eclipse\jetty\jetty-http\9.4.53.v20231009\jetty-http-9.4.53.v20231009.jar;C:\Users\Adn\.m2\repository\org\eclipse\jetty\jetty-servlet\9.4.53.v20231009\jetty-servlet-9.4.53.v20231009.jar;C:\Users\Adn\.m2\repository\org\eclipse\jetty\jetty-security\9.4.53.v20231009\jetty-security-9.4.53.v20231009.jar;C:\Users\Adn\.m2\repository\org\eclipse\jetty\jetty-util-ajax\9.4.53.v20231009\jetty-util-ajax-9.4.53.v20231009.jar;C:\Users\Adn\.m2\repository\org\eclipse\jetty\jetty-webapp\9.4.53.v20231009\jetty-webapp-9.4.53.v20231009.jar;C:\Users\Adn\.m2\repository\org\eclipse\jetty\jetty-xml\9.4.53.v20231009\jetty-xml-9.4.53.v20231009.jar;C:\Users\Adn\.m2\repository\org\eclipse\jetty\jetty-util\9.4.53.v20231009\jetty-util-9.4.53.v20231009.jar;C:\Users\Adn\.m2\repository\net\sourceforge\jexcelapi\jxl\2.6.12\jxl-2.6.12.jar;C:\Users\Adn\.m2\repository\org\apache\maven\doxia\doxia-site-renderer\2.0.0-M16\doxia-site-renderer-2.0.0-M16.jar;C:\Users\Adn\.m2\repository\org\apache\maven\maven-artifact\3.2.5\maven-artifact-3.2.5.jar;C:\Users\Adn\.m2\repository\org\slf4j\slf4j-api\1.7.36\slf4j-api-1.7.36.jar;C:\Users\Adn\.m2\repository\javax\inject\javax.inject\1\javax.inject-1.jar;C:\Users\Adn\.m2\repository\org\apache\maven\doxia\doxia-skin-model\2.0.0-M16\doxia-skin-model-2.0.0-M16.jar;C:\Users\Adn\.m2\repository\org\eclipse\sisu\org.eclipse.sisu.plexus\0.9.0.M2\org.eclipse.sisu.plexus-0.9.0.M2.jar;C:\Users\Adn\.m2\repository\javax\annotation\javax.annotation-api\1.2\javax.annotation-api-1.2.jar;C:\Users\Adn\.m2\repository\javax\enterprise\cdi-api\1.2\cdi-api-1.2.jar;C:\Users\Adn\.m2\repository\org\eclipse\sisu\org.eclipse.sisu.inject\0.9.0.M2\org.eclipse.sisu.inject-0.9.0.M2.jar;C:\Users\Adn\.m2\repository\org\codehaus\plexus\plexus-component-annotations\2.1.0\plexus-component-annotations-2.1.0.jar;C:\Users\Adn\.m2\repository\org\codehaus\plexus\plexus-velocity\2.0\plexus-velocity-2.0.jar;C:\Users\Adn\.m2\repository\org\apache\velocity\velocity-engine-core\2.3\velocity-engine-core-2.3.jar;C:\Users\Adn\.m2\repository\org\apache\velocity\tools\velocity-tools-generic\3.1\velocity-tools-generic-3.1.jar;C:\Users\Adn\.m2\repository\commons-beanutils\commons-beanutils\1.9.4\commons-beanutils-1.9.4.jar;C:\Users\Adn\.m2\repository\commons-logging\commons-logging\1.2\commons-logging-1.2.jar;C:\Users\Adn\.m2\repository\commons-collections\commons-collections\3.2.2\commons-collections-3.2.2.jar;C:\Users\Adn\.m2\repository\org\apache\commons\commons-digester3\3.2\commons-digester3-3.2.jar;C:\Users\Adn\.m2\repository\com\github\cliftonlabs\json-simple\3.0.2\json-simple-3.0.2.jar;C:\Users\Adn\.m2\repository\org\jacoco\jacoco-maven-plugin\0.8.11\jacoco-maven-plugin-0.8.11.jar;C:\Users\Adn\.m2\repository\org\apache\maven\shared\file-management\3.1.0\file-management-3.1.0.jar;C:\Users\Adn\.m2\repository\org\jacoco\org.jacoco.agent\0.8.11\org.jacoco.agent-0.8.11-runtime.jar;C:\Users\Adn\.m2\repository\org\jacoco\org.jacoco.core\0.8.11\org.jacoco.core-0.8.11.jar;C:\Users\Adn\.m2\repository\org\ow2\asm\asm\9.6\asm-9.6.jar;C:\Users\Adn\.m2\repository\org\ow2\asm\asm-commons\9.6\asm-commons-9.6.jar;C:\Users\Adn\.m2\repository\org\ow2\asm\asm-tree\9.6\asm-tree-9.6.jar;C:\Users\Adn\.m2\repository\org\jacoco\org.jacoco.report\0.8.11\org.jacoco.report-0.8.11.jar;C:\Users\Adn\.m2\repository\cobertura\cobertura\1.7\cobertura-1.7.jar;C:\Users\Adn\.m2\repository\org\apache\logging\log4j\log4j-api\2.17.1\log4j-api-2.17.1.jar;C:\Users\Adn\.m2\repository\org\apache\logging\log4j\log4j-core\2.17.1\log4j-core-2.17.1.jar;"/>
    <property name="java.vm.vendor" value="Oracle Corporation"/>
    <property name="sun.arch.data.model" value="64"/>
    <property name="user.variant" value=""/>
    <property name="java.vendor.url" value="https://java.oracle.com/"/>
    <property name="user.timezone" value="Europe/London"/>
    <property name="os.name" value="Windows 10"/>
    <property name="java.vm.specification.version" value="21"/>
    <property name="sun.java.launcher" value="SUN_STANDARD"/>
    <property name="user.country" value="ES"/>
    <property name="sun.boot.library.path" value="C:\Program Files\Java\jdk-21\bin"/>
    <property name="sun.java.command" value="C:\Users\Adn\AppData\Local\Temp\surefire1092401022065261856\surefirebooter13787105155871063720.jar C:\Users\Adn\AppData\Local\Temp\surefire1092401022065261856 2023-12-06T23-13-32_020-jvmRun1 surefire10091239814825863020tmp surefire_07839508096333515911tmp"/>
    <property name="jdk.debug" value="release"/>
    <property name="surefire.test.class.path" value="C:\Users\Adn\Desktop\Nueva carpeta (2)\LDH-PrFinal\target\test-classes;C:\Users\Adn\Desktop\Nueva carpeta (2)\LDH-PrFinal\target\generated-classes\cobertura;C:\Users\Adn\.m2\repository\org\junit\jupiter\junit-jupiter-api\5.10.1\junit-jupiter-api-5.10.1.jar;C:\Users\Adn\.m2\repository\org\opentest4j\opentest4j\1.3.0\opentest4j-1.3.0.jar;C:\Users\Adn\.m2\repository\org\junit\platform\junit-platform-commons\1.10.1\junit-platform-commons-1.10.1.jar;C:\Users\Adn\.m2\repository\org\apiguardian\apiguardian-api\1.1.2\apiguardian-api-1.1.2.jar;C:\Users\Adn\.m2\repository\com\google\guava\guava\32.1.3-jre\guava-32.1.3-jre.jar;C:\Users\Adn\.m2\repository\com\google\guava\failureaccess\1.0.1\failureaccess-1.0.1.jar;C:\Users\Adn\.m2\repository\com\google\guava\listenablefuture\9999.0-empty-to-avoid-conflict-with-guava\listenablefuture-9999.0-empty-to-avoid-conflict-with-guava.jar;C:\Users\Adn\.m2\repository\com\google\code\findbugs\jsr305\3.0.2\jsr305-3.0.2.jar;C:\Users\Adn\.m2\repository\org\checkerframework\checker-qual\3.37.0\checker-qual-3.37.0.jar;C:\Users\Adn\.m2\repository\com\google\errorprone\error_prone_annotations\2.21.1\error_prone_annotations-2.21.1.jar;C:\Users\Adn\.m2\repository\com\google\j2objc\j2objc-annotations\2.8\j2objc-annotations-2.8.jar;C:\Users\Adn\.m2\repository\org\junit\jupiter\junit-jupiter-engine\5.10.1\junit-jupiter-engine-5.10.1.jar;C:\Users\Adn\.m2\repository\org\junit\platform\junit-platform-engine\1.10.1\junit-platform-engine-1.10.1.jar;C:\Users\Adn\.m2\repository\org\codehaus\plexus\plexus-classworlds\2.7.0\plexus-classworlds-2.7.0.jar;C:\Users\Adn\.m2\repository\org\apache\maven\plugins\maven-site-plugin\4.0.0-M12\maven-site-plugin-4.0.0-M12.jar;C:\Users\Adn\.m2\repository\org\apache\maven\reporting\maven-reporting-api\4.0.0-M9\maven-reporting-api-4.0.0-M9.jar;C:\Users\Adn\.m2\repository\org\apache\maven\reporting\maven-reporting-exec\2.0.0-M12\maven-reporting-exec-2.0.0-M12.jar;C:\Users\Adn\.m2\repository\org\apache\maven\maven-core\3.2.5\maven-core-3.2.5.jar;C:\Users\Adn\.m2\repository\org\apache\maven\maven-repository-metadata\3.2.5\maven-repository-metadata-3.2.5.jar;C:\Users\Adn\.m2\repository\org\apache\maven\maven-model-builder\3.2.5\maven-model-builder-3.2.5.jar;C:\Users\Adn\.m2\repository\org\apache\maven\maven-aether-provider\3.2.5\maven-aether-provider-3.2.5.jar;C:\Users\Adn\.m2\repository\org\eclipse\aether\aether-spi\1.0.0.v20140518\aether-spi-1.0.0.v20140518.jar;C:\Users\Adn\.m2\repository\org\eclipse\aether\aether-impl\1.0.0.v20140518\aether-impl-1.0.0.v20140518.jar;C:\Users\Adn\.m2\repository\org\sonatype\sisu\sisu-guice\3.2.3\sisu-guice-3.2.3-no_aop.jar;C:\Users\Adn\.m2\repository\aopalliance\aopalliance\1.0\aopalliance-1.0.jar;C:\Users\Adn\.m2\repository\org\sonatype\plexus\plexus-sec-dispatcher\1.3\plexus-sec-dispatcher-1.3.jar;C:\Users\Adn\.m2\repository\org\sonatype\plexus\plexus-cipher\1.4\plexus-cipher-1.4.jar;C:\Users\Adn\.m2\repository\org\apache\maven\maven-model\3.2.5\maven-model-3.2.5.jar;C:\Users\Adn\.m2\repository\org\apache\maven\maven-plugin-api\3.2.5\maven-plugin-api-3.2.5.jar;C:\Users\Adn\.m2\repository\org\apache\maven\maven-settings\3.2.5\maven-settings-3.2.5.jar;C:\Users\Adn\.m2\repository\org\apache\maven\maven-settings-builder\3.2.5\maven-settings-builder-3.2.5.jar;C:\Users\Adn\.m2\repository\org\eclipse\aether\aether-api\1.0.0.v20140518\aether-api-1.0.0.v20140518.jar;C:\Users\Adn\.m2\repository\org\eclipse\aether\aether-util\1.0.0.v20140518\aether-util-1.0.0.v20140518.jar;C:\Users\Adn\.m2\repository\org\apache\maven\shared\maven-shared-utils\3.4.2\maven-shared-utils-3.4.2.jar;C:\Users\Adn\.m2\repository\commons-io\commons-io\2.11.0\commons-io-2.11.0.jar;C:\Users\Adn\.m2\repository\org\apache\maven\maven-archiver\3.6.1\maven-archiver-3.6.1.jar;C:\Users\Adn\.m2\repository\org\codehaus\plexus\plexus-interpolation\1.26\plexus-interpolation-1.26.jar;C:\Users\Adn\.m2\repository\org\codehaus\plexus\plexus-archiver\4.9.0\plexus-archiver-4.9.0.jar;C:\Users\Adn\.m2\repository\org\codehaus\plexus\plexus-io\3.4.1\plexus-io-3.4.1.jar;C:\Users\Adn\.m2\repository\org\apache\commons\commons-compress\1.24.0\commons-compress-1.24.0.jar;C:\Users\Adn\.m2\repository\org\iq80\snappy\snappy\0.4\snappy-0.4.jar;C:\Users\Adn\.m2\repository\org\tukaani\xz\1.9\xz-1.9.jar;C:\Users\Adn\.m2\repository\com\github\luben\zstd-jni\1.5.5-10\zstd-jni-1.5.5-10.jar;C:\Users\Adn\.m2\repository\org\codehaus\plexus\plexus-i18n\1.0-beta-10\plexus-i18n-1.0-beta-10.jar;C:\Users\Adn\.m2\repository\org\codehaus\plexus\plexus-utils\4.0.0\plexus-utils-4.0.0.jar;C:\Users\Adn\.m2\repository\org\codehaus\plexus\plexus-xml\3.0.0\plexus-xml-3.0.0.jar;C:\Users\Adn\.m2\repository\org\apache\maven\doxia\doxia-sink-api\2.0.0-M8\doxia-sink-api-2.0.0-M8.jar;C:\Users\Adn\.m2\repository\org\apache\maven\doxia\doxia-core\2.0.0-M8\doxia-core-2.0.0-M8.jar;C:\Users\Adn\.m2\repository\org\apache\commons\commons-text\1.10.0\commons-text-1.10.0.jar;C:\Users\Adn\.m2\repository\org\apache\maven\doxia\doxia-module-xhtml5\2.0.0-M8\doxia-module-xhtml5-2.0.0-M8.jar;C:\Users\Adn\.m2\repository\org\apache\maven\doxia\doxia-module-apt\2.0.0-M8\doxia-module-apt-2.0.0-M8.jar;C:\Users\Adn\.m2\repository\org\apache\maven\doxia\doxia-module-xdoc\2.0.0-M8\doxia-module-xdoc-2.0.0-M8.jar;C:\Users\Adn\.m2\repository\org\apache\maven\doxia\doxia-module-fml\2.0.0-M8\doxia-module-fml-2.0.0-M8.jar;C:\Users\Adn\.m2\repository\org\apache\maven\doxia\doxia-module-markdown\2.0.0-M8\doxia-module-markdown-2.0.0-M8.jar;C:\Users\Adn\.m2\repository\com\vladsch\flexmark\flexmark\0.62.2\flexmark-0.62.2.jar;C:\Users\Adn\.m2\repository\com\vladsch\flexmark\flexmark-util-builder\0.62.2\flexmark-util-builder-0.62.2.jar;C:\Users\Adn\.m2\repository\com\vladsch\flexmark\flexmark-util-collection\0.62.2\flexmark-util-collection-0.62.2.jar;C:\Users\Adn\.m2\repository\com\vladsch\flexmark\flexmark-util-dependency\0.62.2\flexmark-util-dependency-0.62.2.jar;C:\Users\Adn\.m2\repository\com\vladsch\flexmark\flexmark-util-format\0.62.2\flexmark-util-format-0.62.2.jar;C:\Users\Adn\.m2\repository\com\vladsch\flexmark\flexmark-util-html\0.62.2\flexmark-util-html-0.62.2.jar;C:\Users\Adn\.m2\repository\com\vladsch\flexmark\flexmark-util-visitor\0.62.2\flexmark-util-visitor-0.62.2.jar;C:\Users\Adn\.m2\repository\com\vladsch\flexmark\flexmark-util-data\0.62.2\flexmark-util-data-0.62.2.jar;C:\Users\Adn\.m2\repository\com\vladsch\flexmark\flexmark-util-misc\0.62.2\flexmark-util-misc-0.62.2.jar;C:\Users\Adn\.m2\repository\com\vladsch\flexmark\flexmark-util-sequence\0.62.2\flexmark-util-sequence-0.62.2.jar;C:\Users\Adn\.m2\repository\com\vladsch\flexmark\flexmark-util-ast\0.62.2\flexmark-util-ast-0.62.2.jar;C:\Users\Adn\.m2\repository\com\vladsch\flexmark\flexmark-ext-abbreviation\0.62.2\flexmark-ext-abbreviation-0.62.2.jar;C:\Users\Adn\.m2\repository\com\vladsch\flexmark\flexmark-util\0.62.2\flexmark-util-0.62.2.jar;C:\Users\Adn\.m2\repository\com\vladsch\flexmark\flexmark-util-options\0.62.2\flexmark-util-options-0.62.2.jar;C:\Users\Adn\.m2\repository\com\vladsch\flexmark\flexmark-ext-autolink\0.62.2\flexmark-ext-autolink-0.62.2.jar;C:\Users\Adn\.m2\repository\org\nibor\autolink\autolink\0.6.0\autolink-0.6.0.jar;C:\Users\Adn\.m2\repository\com\vladsch\flexmark\flexmark-ext-definition\0.62.2\flexmark-ext-definition-0.62.2.jar;C:\Users\Adn\.m2\repository\com\vladsch\flexmark\flexmark-ext-escaped-character\0.62.2\flexmark-ext-escaped-character-0.62.2.jar;C:\Users\Adn\.m2\repository\com\vladsch\flexmark\flexmark-ext-gfm-strikethrough\0.62.2\flexmark-ext-gfm-strikethrough-0.62.2.jar;C:\Users\Adn\.m2\repository\com\vladsch\flexmark\flexmark-ext-tables\0.62.2\flexmark-ext-tables-0.62.2.jar;C:\Users\Adn\.m2\repository\com\vladsch\flexmark\flexmark-ext-typographic\0.62.2\flexmark-ext-typographic-0.62.2.jar;C:\Users\Adn\.m2\repository\com\vladsch\flexmark\flexmark-ext-wikilink\0.62.2\flexmark-ext-wikilink-0.62.2.jar;C:\Users\Adn\.m2\repository\com\vladsch\flexmark\flexmark-ext-yaml-front-matter\0.62.2\flexmark-ext-yaml-front-matter-0.62.2.jar;C:\Users\Adn\.m2\repository\org\jetbrains\annotations\24.0.1\annotations-24.0.1.jar;C:\Users\Adn\.m2\repository\org\apache\maven\doxia\doxia-site-model\2.0.0-M16\doxia-site-model-2.0.0-M16.jar;C:\Users\Adn\.m2\repository\org\apache\maven\doxia\doxia-integration-tools\2.0.0-M16\doxia-integration-tools-2.0.0-M16.jar;C:\Users\Adn\.m2\repository\org\apache\commons\commons-lang3\3.13.0\commons-lang3-3.13.0.jar;C:\Users\Adn\.m2\repository\org\eclipse\jetty\jetty-server\9.4.53.v20231009\jetty-server-9.4.53.v20231009.jar;C:\Users\Adn\.m2\repository\javax\servlet\javax.servlet-api\3.1.0\javax.servlet-api-3.1.0.jar;C:\Users\Adn\.m2\repository\org\eclipse\jetty\jetty-io\9.4.53.v20231009\jetty-io-9.4.53.v20231009.jar;C:\Users\Adn\.m2\repository\org\eclipse\jetty\jetty-http\9.4.53.v20231009\jetty-http-9.4.53.v20231009.jar;C:\Users\Adn\.m2\repository\org\eclipse\jetty\jetty-servlet\9.4.53.v20231009\jetty-servlet-9.4.53.v20231009.jar;C:\Users\Adn\.m2\repository\org\eclipse\jetty\jetty-security\9.4.53.v20231009\jetty-security-9.4.53.v20231009.jar;C:\Users\Adn\.m2\repository\org\eclipse\jetty\jetty-util-ajax\9.4.53.v20231009\jetty-util-ajax-9.4.53.v20231009.jar;C:\Users\Adn\.m2\repository\org\eclipse\jetty\jetty-webapp\9.4.53.v20231009\jetty-webapp-9.4.53.v20231009.jar;C:\Users\Adn\.m2\repository\org\eclipse\jetty\jetty-xml\9.4.53.v20231009\jetty-xml-9.4.53.v20231009.jar;C:\Users\Adn\.m2\repository\org\eclipse\jetty\jetty-util\9.4.53.v20231009\jetty-util-9.4.53.v20231009.jar;C:\Users\Adn\.m2\repository\net\sourceforge\jexcelapi\jxl\2.6.12\jxl-2.6.12.jar;C:\Users\Adn\.m2\repository\org\apache\maven\doxia\doxia-site-renderer\2.0.0-M16\doxia-site-renderer-2.0.0-M16.jar;C:\Users\Adn\.m2\repository\org\apache\maven\maven-artifact\3.2.5\maven-artifact-3.2.5.jar;C:\Users\Adn\.m2\repository\org\slf4j\slf4j-api\1.7.36\slf4j-api-1.7.36.jar;C:\Users\Adn\.m2\repository\javax\inject\javax.inject\1\javax.inject-1.jar;C:\Users\Adn\.m2\repository\org\apache\maven\doxia\doxia-skin-model\2.0.0-M16\doxia-skin-model-2.0.0-M16.jar;C:\Users\Adn\.m2\repository\org\eclipse\sisu\org.eclipse.sisu.plexus\0.9.0.M2\org.eclipse.sisu.plexus-0.9.0.M2.jar;C:\Users\Adn\.m2\repository\javax\annotation\javax.annotation-api\1.2\javax.annotation-api-1.2.jar;C:\Users\Adn\.m2\repository\javax\enterprise\cdi-api\1.2\cdi-api-1.2.jar;C:\Users\Adn\.m2\repository\org\eclipse\sisu\org.eclipse.sisu.inject\0.9.0.M2\org.eclipse.sisu.inject-0.9.0.M2.jar;C:\Users\Adn\.m2\repository\org\codehaus\plexus\plexus-component-annotations\2.1.0\plexus-component-annotations-2.1.0.jar;C:\Users\Adn\.m2\repository\org\codehaus\plexus\plexus-velocity\2.0\plexus-velocity-2.0.jar;C:\Users\Adn\.m2\repository\org\apache\velocity\velocity-engine-core\2.3\velocity-engine-core-2.3.jar;C:\Users\Adn\.m2\repository\org\apache\velocity\tools\velocity-tools-generic\3.1\velocity-tools-generic-3.1.jar;C:\Users\Adn\.m2\repository\commons-beanutils\commons-beanutils\1.9.4\commons-beanutils-1.9.4.jar;C:\Users\Adn\.m2\repository\commons-logging\commons-logging\1.2\commons-logging-1.2.jar;C:\Users\Adn\.m2\repository\commons-collections\commons-collections\3.2.2\commons-collections-3.2.2.jar;C:\Users\Adn\.m2\repository\org\apache\commons\commons-digester3\3.2\commons-digester3-3.2.jar;C:\Users\Adn\.m2\repository\com\github\cliftonlabs\json-simple\3.0.2\json-simple-3.0.2.jar;C:\Users\Adn\.m2\repository\org\jacoco\jacoco-maven-plugin\0.8.11\jacoco-maven-plugin-0.8.11.jar;C:\Users\Adn\.m2\repository\org\apache\maven\shared\file-management\3.1.0\file-management-3.1.0.jar;C:\Users\Adn\.m2\repository\org\jacoco\org.jacoco.agent\0.8.11\org.jacoco.agent-0.8.11-runtime.jar;C:\Users\Adn\.m2\repository\org\jacoco\org.jacoco.core\0.8.11\org.jacoco.core-0.8.11.jar;C:\Users\Adn\.m2\repository\org\ow2\asm\asm\9.6\asm-9.6.jar;C:\Users\Adn\.m2\repository\org\ow2\asm\asm-commons\9.6\asm-commons-9.6.jar;C:\Users\Adn\.m2\repository\org\ow2\asm\asm-tree\9.6\asm-tree-9.6.jar;C:\Users\Adn\.m2\repository\org\jacoco\org.jacoco.report\0.8.11\org.jacoco.report-0.8.11.jar;C:\Users\Adn\.m2\repository\cobertura\cobertura\1.7\cobertura-1.7.jar;C:\Users\Adn\.m2\repository\org\apache\logging\log4j\log4j-api\2.17.1\log4j-api-2.17.1.jar;C:\Users\Adn\.m2\repository\org\apache\logging\log4j\log4j-core\2.17.1\log4j-core-2.17.1.jar;"/>
    <property name="sun.cpu.endian" value="little"/>
    <property name="user.home" value="C:\Users\Adn"/>
    <property name="user.language" value="es"/>
    <property name="java.specification.vendor" value="Oracle Corporation"/>
    <property name="java.version.date" value="2023-10-17"/>
    <property name="java.home" value="C:\Program Files\Java\jdk-21"/>
    <property name="file.separator" value="\"/>
    <property name="basedir" value="C:\Users\Adn\Desktop\Nueva carpeta (2)\LDH-PrFinal"/>
    <property name="java.vm.compressedOopsMode" value="Zero based"/>
    <property name="line.separator" value="&#10;"/>
    <property name="java.vm.specification.vendor" value="Oracle Corporation"/>
    <property name="java.specification.name" value="Java Platform API Specification"/>
    <property name="surefire.real.class.path" value="C:\Users\Adn\AppData\Local\Temp\surefire1092401022065261856\surefirebooter13787105155871063720.jar"/>
    <property name="user.script" value=""/>
    <property name="sun.management.compiler" value="HotSpot 64-Bit Tiered Compilers"/>
    <property name="java.runtime.version" value="21.0.1+12-LTS-29"/>
    <property name="user.name" value="Adn"/>
    <property name="stdout.encoding" value="Cp1252"/>
    <property name="path.separator" value=";"/>
    <property name="os.version" value="10.0"/>
    <property name="java.runtime.name" value="Java(TM) SE Runtime Environment"/>
    <property name="file.encoding" value="UTF-8"/>
    <property name="java.vm.name" value="Java HotSpot(TM) 64-Bit Server VM"/>
    <property name="localRepository" value="C:\Users\Adn\.m2\repository"/>
    <property name="java.vendor.url.bug" value="https://bugreport.java.com/bugreport/"/>
    <property name="java.io.tmpdir" value="C:\Users\Adn\AppData\Local\Temp\"/>
    <property name="java.version" value="21.0.1"/>
    <property name="user.dir" value="C:\Users\Adn\Desktop\Nueva carpeta (2)\LDH-PrFinal"/>
    <property name="os.arch" value="amd64"/>
    <property name="java.vm.specification.name" value="Java Virtual Machine Specification"/>
    <property name="sun.os.patch.level" value=""/>
    <property name="native.encoding" value="Cp1252"/>
    <property name="java.library.path" value="C:\Program Files\Java\jdk-21\bin;C:\WINDOWS\Sun\Java\bin;C:\WINDOWS\system32;C:\WINDOWS;C:\Program Files (x86)\Razer Chroma SDK\bin;C:\Program Files\Razer Chroma SDK\bin;C:\Program Files\Common Files\Oracle\Java\javapath;C:\Program Files (x86)\Razer\ChromaBroadcast\bin;C:\Program Files\Razer\ChromaBroadcast\bin;C:\WINDOWS\system32;C:\WINDOWS;C:\WINDOWS\System32\Wbem;C:\WINDOWS\System32\WindowsPowerShell\v1.0\;C:\WINDOWS\System32\OpenSSH\;C:\Program Files\Git\cmd;C:\WINDOWS\system32\config\systemprofile\AppData\Local\Microsoft\WindowsApps;C:\Program Files\NVIDIA Corporation\NVIDIA NvDLISR;C:\Program Files (x86)\NVIDIA Corporation\PhysX\Common;C:\Program Files\dotnet\;C:\SQ\SSCAN\bin;C;C:\Program Files\Graphviz\bin;C:\Program Files\MiKTeX\miktex\bin\x64\;C:\Users\Adn\AppData\Local\Programs\Python\Python312\Scripts\;C:\Users\Adn\AppData\Local\Programs\Python\Python312\;C:\Users\Adn\AppData\Local\Microsoft\WindowsApps;C:\MinGW\bin;C:\Users\Adn\AppData\Local\Programs\Microsoft VS Code\bin;C:\Maven\bin;;."/>
    <property name="java.vm.info" value="mixed mode, sharing"/>
    <property name="stderr.encoding" value="Cp1252"/>
    <property name="java.vendor" value="Oracle Corporation"/>
    <property name="java.vm.version" value="21.0.1+12-LTS-29"/>
    <property name="sun.io.unicode.encoding" value="UnicodeLittle"/>
    <property name="java.class.version" value="65.0"/>
  </properties>
  <testcase name="testObtainFileName_no_args" classname="test.java.MainTest" time="0"/>
  <testcase name="testCreateGrafoFromReader" classname="test.java.MainTest" time="0">
    <error message="Expecting a stackmap frame at branch target 129&#10;Exception Details:&#10;  Location:&#10;    main/java/Reader.leArquivo()V @70: aload_1&#10;  Reason:&#10;    Expected stackmap frame at this location.&#10;  Bytecode:&#10;    0000000: 12b5 c000 b74c b800 1812 1ab6 001e 1100&#10;    0000010: 40b6 0024 0336 042b 1006 0454 b800 1812&#10;    0000020: 1ab6 001e 1100 41b6 0024 1504 0460 3605&#10;    0000030: 2b10 0704 54b8 0018 121a b600 1e11 0042&#10;    0000040: b600 2401 3a06 2b10 0804 54b8 0018 121a&#10;    0000050: b600 1e11 0044 b600 24bb 0037 592a b400&#10;    0000060: 29b7 0039 3a06 2b10 0904 54b8 0018 121a&#10;    0000070: b600 1e11 0047 b600 242b 100a 0454 a700&#10;    0000080: 3cb8 0018 121a b600 1e11 0045 b600 243a&#10;    0000090: 072b 100b 0454 b800 1812 1ab6 001e 1100&#10;    00000a0: 46b6 0024 1202 b600 3fb8 0045 b200 4b01&#10;    00000b0: 124d b600 512b 100c 0454 b800 1812 1ab6&#10;    00000c0: 001e 1100 48b6 0024 014d 2b10 0d04 54b8&#10;    00000d0: 0018 121a b600 1e11 004a b600 24bb 0053&#10;    00000e0: 5919 06b7 0056 4d2b 100e 0454 b800 1812&#10;    00000f0: 1ab6 001e 1100 4bb6 0024 2a2c b600 59b8&#10;    0000100: 005f b600 63b5 0065 2b10 0f04 54b8 0018&#10;    0000110: 121a b600 1e11 004d b600 2403 3607 2b10&#10;    0000120: 1004 5415 072a b400 65a2 0047 2b10 1104&#10;    0000130: 54b8 0018 121a b600 1e11 004e b600 242a&#10;    0000140: b400 30bb 0067 5915 0704 60b7 0069 b600&#10;    0000150: 6d57 2b10 1204 54b8 0018 121a b600 1e11&#10;    0000160: 004d b600 2484 0701 2b10 1304 54a7 ffb6&#10;    0000170: b800 1812 1ab6 001e 1100 51b6 0024 0336&#10;    0000180: 072b 1014 0454 1507 2ab4 0065 a100 0b2b&#10;    0000190: 1015 0454 a700 5c2b 1016 0454 b800 1812&#10;    00001a0: 1ab6 001e 1100 52b6 0024 2ab4 002e bb00&#10;    00001b0: 6f59 2ab4 0030 1507 b600 73c0 0067 2ab4&#10;    00001c0: 0030 1507 b600 73c0 0067 0bb7 0076 b600&#10;    00001d0: 6d57 2b10 1704 54b8 0018 121a b600 1e11&#10;    00001e0: 0051 b600 2484 0701 2b10 1804 54a7 ff99&#10;    00001f0: b800 1812 1ab6 001e 1100 55b6 0024 2cb6&#10;    0000200: 007a 9900 cc2b 1019 0454 b800 1812 1ab6&#10;    0000210: 001e 1100 56b6 0024 2cb6 0059 4e2b 101a&#10;    0000220: 0454 b800 1812 1ab6 001e 1100 57b6 0024&#10;    0000230: 2d12 7cb6 0082 9900 3a2b 101b 0454 b800&#10;    0000240: 1812 1ab6 001e 1100 58b6 0024 8404 012b&#10;    0000250: 101c 0454 b800 1812 1ab6 001e 1100 59b6&#10;    0000260: 0024 1504 0460 3605 2b10 1d04 54a7 ff83&#10;    0000270: b800 1812 1ab6 001e 1100 5bb6 0024 2ab4&#10;    0000280: 002e bb00 6f59 2ab4 0030 1504 0464 b600&#10;    0000290: 73c0 0067 2ab4 0030 1505 0464 b600 73c0&#10;    00002a0: 0067 2db8 0087 b600 8bb7 0076 b600 6d57&#10;    00002b0: 2b10 1e04 54b8 0018 121a b600 1e11 005c&#10;    00002c0: b600 2484 0501 2b10 1f04 54a7 ff25 b800&#10;    00002d0: 1812 1ab6 001e 1100 62b6 0024 2cb6 008e&#10;    00002e0: 2b10 2004 54b8 0018 121a b600 1e11 0063&#10;    00002f0: b600 242b 1021 0454 a700 98b8 0018 121a&#10;    0000300: b600 1e11 005f b600 243a 072b 1022 0454&#10;    0000310: b800 1812 1ab6 001e 1100 60b6 0024 1202&#10;    0000320: b600 3fb8 0045 b200 4b01 1907 b600 912b&#10;    0000330: 1023 0454 b800 1812 1ab6 001e 1100 62b6&#10;    0000340: 0024 2cb6 008e 2b10 2404 54b8 0018 121a&#10;    0000350: b600 1e11 0063 b600 242b 1025 0454 a700&#10;    0000360: 32b8 0018 121a b600 1e11 0062 b600 243a&#10;    0000370: 082c b600 8e2b 1026 0454 b800 1812 1ab6&#10;    0000380: 001e 1100 63b6 0024 1908 2b10 2704 54bf&#10;    0000390: b800 1812 1ab6 001e 1100 64b6 0024 2b10&#10;    00003a0: 2804 54b1                              &#10;  Exception Handler Table:&#10;    bci [70, 102] =&gt; handler: 129&#10;    bci [202, 718] =&gt; handler: 763&#10;    bci [202, 718] =&gt; handler: 865&#10;    bci [763, 815] =&gt; handler: 865&#10;    bci [865, 881] =&gt; handler: 865&#10;" type="java.lang.VerifyError">java.lang.VerifyError: 
Expecting a stackmap frame at branch target 129
Exception Details:
  Location:
    main/java/Reader.leArquivo()V @70: aload_1
  Reason:
    Expected stackmap frame at this location.
  Bytecode:
    0000000: 12b5 c000 b74c b800 1812 1ab6 001e 1100
    0000010: 40b6 0024 0336 042b 1006 0454 b800 1812
    0000020: 1ab6 001e 1100 41b6 0024 1504 0460 3605
    0000030: 2b10 0704 54b8 0018 121a b600 1e11 0042
    0000040: b600 2401 3a06 2b10 0804 54b8 0018 121a
    0000050: b600 1e11 0044 b600 24bb 0037 592a b400
    0000060: 29b7 0039 3a06 2b10 0904 54b8 0018 121a
    0000070: b600 1e11 0047 b600 242b 100a 0454 a700
    0000080: 3cb8 0018 121a b600 1e11 0045 b600 243a
    0000090: 072b 100b 0454 b800 1812 1ab6 001e 1100
    00000a0: 46b6 0024 1202 b600 3fb8 0045 b200 4b01
    00000b0: 124d b600 512b 100c 0454 b800 1812 1ab6
    00000c0: 001e 1100 48b6 0024 014d 2b10 0d04 54b8
    00000d0: 0018 121a b600 1e11 004a b600 24bb 0053
    00000e0: 5919 06b7 0056 4d2b 100e 0454 b800 1812
    00000f0: 1ab6 001e 1100 4bb6 0024 2a2c b600 59b8
    0000100: 005f b600 63b5 0065 2b10 0f04 54b8 0018
    0000110: 121a b600 1e11 004d b600 2403 3607 2b10
    0000120: 1004 5415 072a b400 65a2 0047 2b10 1104
    0000130: 54b8 0018 121a b600 1e11 004e b600 242a
    0000140: b400 30bb 0067 5915 0704 60b7 0069 b600
    0000150: 6d57 2b10 1204 54b8 0018 121a b600 1e11
    0000160: 004d b600 2484 0701 2b10 1304 54a7 ffb6
    0000170: b800 1812 1ab6 001e 1100 51b6 0024 0336
    0000180: 072b 1014 0454 1507 2ab4 0065 a100 0b2b
    0000190: 1015 0454 a700 5c2b 1016 0454 b800 1812
    00001a0: 1ab6 001e 1100 52b6 0024 2ab4 002e bb00
    00001b0: 6f59 2ab4 0030 1507 b600 73c0 0067 2ab4
    00001c0: 0030 1507 b600 73c0 0067 0bb7 0076 b600
    00001d0: 6d57 2b10 1704 54b8 0018 121a b600 1e11
    00001e0: 0051 b600 2484 0701 2b10 1804 54a7 ff99
    00001f0: b800 1812 1ab6 001e 1100 55b6 0024 2cb6
    0000200: 007a 9900 cc2b 1019 0454 b800 1812 1ab6
    0000210: 001e 1100 56b6 0024 2cb6 0059 4e2b 101a
    0000220: 0454 b800 1812 1ab6 001e 1100 57b6 0024
    0000230: 2d12 7cb6 0082 9900 3a2b 101b 0454 b800
    0000240: 1812 1ab6 001e 1100 58b6 0024 8404 012b
    0000250: 101c 0454 b800 1812 1ab6 001e 1100 59b6
    0000260: 0024 1504 0460 3605 2b10 1d04 54a7 ff83
    0000270: b800 1812 1ab6 001e 1100 5bb6 0024 2ab4
    0000280: 002e bb00 6f59 2ab4 0030 1504 0464 b600
    0000290: 73c0 0067 2ab4 0030 1505 0464 b600 73c0
    00002a0: 0067 2db8 0087 b600 8bb7 0076 b600 6d57
    00002b0: 2b10 1e04 54b8 0018 121a b600 1e11 005c
    00002c0: b600 2484 0501 2b10 1f04 54a7 ff25 b800
    00002d0: 1812 1ab6 001e 1100 62b6 0024 2cb6 008e
    00002e0: 2b10 2004 54b8 0018 121a b600 1e11 0063
    00002f0: b600 242b 1021 0454 a700 98b8 0018 121a
    0000300: b600 1e11 005f b600 243a 072b 1022 0454
    0000310: b800 1812 1ab6 001e 1100 60b6 0024 1202
    0000320: b600 3fb8 0045 b200 4b01 1907 b600 912b
    0000330: 1023 0454 b800 1812 1ab6 001e 1100 62b6
    0000340: 0024 2cb6 008e 2b10 2404 54b8 0018 121a
    0000350: b600 1e11 0063 b600 242b 1025 0454 a700
    0000360: 32b8 0018 121a b600 1e11 0062 b600 243a
    0000370: 082c b600 8e2b 1026 0454 b800 1812 1ab6
    0000380: 001e 1100 63b6 0024 1908 2b10 2704 54bf
    0000390: b800 1812 1ab6 001e 1100 64b6 0024 2b10
    00003a0: 2804 54b1                              
  Exception Handler Table:
    bci [70, 102] => handler: 129
    bci [202, 718] => handler: 763
    bci [202, 718] => handler: 865
    bci [763, 815] => handler: 865
    bci [865, 881] => handler: 865

	at test.java.MainTest.testCreateGrafoFromReader(MainTest.java:79)
</error>
  </testcase>
  <testcase name="testInitializeGrasp" classname="test.java.MainTest" time="0.001">
    <error message="Expecting a stackmap frame at branch target 230&#10;Exception Details:&#10;  Location:&#10;    main/java/Grafo.getAresta(II)Lmain/java/Aresta; @43: ifeq&#10;  Reason:&#10;    Expected stackmap frame at this location.&#10;  Bytecode:&#10;    0000000: 126d c000 6f4e b800 1712 19b6 001d 1100&#10;    0000010: 5db6 0023 2ab4 002c b900 3d01 003a 042d&#10;    0000020: 100e 0454 1904 b900 4301 0099 00bb 1904&#10;    0000030: b900 4701 00c0 0053 3a05 2d10 0f04 54b8&#10;    0000040: 0017 1219 b600 1d11 005e b600 2319 05b6&#10;    0000050: 0057 b600 4c1b 9f00 0b2d 1010 0454 a700&#10;    0000060: 1c19 05b6 005a b600 4c1c a000 0b2d 1011&#10;    0000070: 0454 a700 482d 1012 0454 1905 2d10 1304&#10;    0000080: 54b8 0017 1219 b600 1d11 005f b600 23b6&#10;    0000090: 005a b600 4c1b 9f00 0b2d 1014 0454 a700&#10;    00000a0: 3219 05b6 0057 b600 4c1c 9f00 0b2d 1015&#10;    00000b0: 0454 a700 1e2d 1016 0454 b800 1712 19b6&#10;    00000c0: 001d 1100 60b6 0023 1905 2d10 1704 54b0&#10;    00000d0: b800 1712 19b6 001d 1100 62b6 0023 2d10&#10;    00000e0: 1804 54a7 ff41 b800 1712 19b6 001d 1100&#10;    00000f0: 63b6 0023 012d 1019 0454 b0            &#10;  Stackmap Table:&#10;    append_frame(@97,Object[#111],Object[#63],Object[#83])&#10;    same_frame(@117)&#10;    same_frame(@161)&#10;    same_frame(@181)&#10;" type="java.lang.VerifyError">java.lang.VerifyError: 
Expecting a stackmap frame at branch target 230
Exception Details:
  Location:
    main/java/Grafo.getAresta(II)Lmain/java/Aresta; @43: ifeq
  Reason:
    Expected stackmap frame at this location.
  Bytecode:
    0000000: 126d c000 6f4e b800 1712 19b6 001d 1100
    0000010: 5db6 0023 2ab4 002c b900 3d01 003a 042d
    0000020: 100e 0454 1904 b900 4301 0099 00bb 1904
    0000030: b900 4701 00c0 0053 3a05 2d10 0f04 54b8
    0000040: 0017 1219 b600 1d11 005e b600 2319 05b6
    0000050: 0057 b600 4c1b 9f00 0b2d 1010 0454 a700
    0000060: 1c19 05b6 005a b600 4c1c a000 0b2d 1011
    0000070: 0454 a700 482d 1012 0454 1905 2d10 1304
    0000080: 54b8 0017 1219 b600 1d11 005f b600 23b6
    0000090: 005a b600 4c1b 9f00 0b2d 1014 0454 a700
    00000a0: 3219 05b6 0057 b600 4c1c 9f00 0b2d 1015
    00000b0: 0454 a700 1e2d 1016 0454 b800 1712 19b6
    00000c0: 001d 1100 60b6 0023 1905 2d10 1704 54b0
    00000d0: b800 1712 19b6 001d 1100 62b6 0023 2d10
    00000e0: 1804 54a7 ff41 b800 1712 19b6 001d 1100
    00000f0: 63b6 0023 012d 1019 0454 b0            
  Stackmap Table:
    append_frame(@97,Object[#111],Object[#63],Object[#83])
    same_frame(@117)
    same_frame(@161)
    same_frame(@181)

	at test.java.MainTest.testInitializeGrasp(MainTest.java:94)
</error>
  </testcase>
  <testcase name="testExecuteGrasp" classname="test.java.MainTest" time="0">
    <error message="Expecting a stackmap frame at branch target 230&#10;Exception Details:&#10;  Location:&#10;    main/java/Grafo.getAresta(II)Lmain/java/Aresta; @43: ifeq&#10;  Reason:&#10;    Expected stackmap frame at this location.&#10;  Bytecode:&#10;    0000000: 126d c000 6f4e b800 1712 19b6 001d 1100&#10;    0000010: 5db6 0023 2ab4 002c b900 3d01 003a 042d&#10;    0000020: 100e 0454 1904 b900 4301 0099 00bb 1904&#10;    0000030: b900 4701 00c0 0053 3a05 2d10 0f04 54b8&#10;    0000040: 0017 1219 b600 1d11 005e b600 2319 05b6&#10;    0000050: 0057 b600 4c1b 9f00 0b2d 1010 0454 a700&#10;    0000060: 1c19 05b6 005a b600 4c1c a000 0b2d 1011&#10;    0000070: 0454 a700 482d 1012 0454 1905 2d10 1304&#10;    0000080: 54b8 0017 1219 b600 1d11 005f b600 23b6&#10;    0000090: 005a b600 4c1b 9f00 0b2d 1014 0454 a700&#10;    00000a0: 3219 05b6 0057 b600 4c1c 9f00 0b2d 1015&#10;    00000b0: 0454 a700 1e2d 1016 0454 b800 1712 19b6&#10;    00000c0: 001d 1100 60b6 0023 1905 2d10 1704 54b0&#10;    00000d0: b800 1712 19b6 001d 1100 62b6 0023 2d10&#10;    00000e0: 1804 54a7 ff41 b800 1712 19b6 001d 1100&#10;    00000f0: 63b6 0023 012d 1019 0454 b0            &#10;  Stackmap Table:&#10;    append_frame(@97,Object[#111],Object[#63],Object[#83])&#10;    same_frame(@117)&#10;    same_frame(@161)&#10;    same_frame(@181)&#10;" type="java.lang.VerifyError">java.lang.VerifyError: 
Expecting a stackmap frame at branch target 230
Exception Details:
  Location:
    main/java/Grafo.getAresta(II)Lmain/java/Aresta; @43: ifeq
  Reason:
    Expected stackmap frame at this location.
  Bytecode:
    0000000: 126d c000 6f4e b800 1712 19b6 001d 1100
    0000010: 5db6 0023 2ab4 002c b900 3d01 003a 042d
    0000020: 100e 0454 1904 b900 4301 0099 00bb 1904
    0000030: b900 4701 00c0 0053 3a05 2d10 0f04 54b8
    0000040: 0017 1219 b600 1d11 005e b600 2319 05b6
    0000050: 0057 b600 4c1b 9f00 0b2d 1010 0454 a700
    0000060: 1c19 05b6 005a b600 4c1c a000 0b2d 1011
    0000070: 0454 a700 482d 1012 0454 1905 2d10 1304
    0000080: 54b8 0017 1219 b600 1d11 005f b600 23b6
    0000090: 005a b600 4c1b 9f00 0b2d 1014 0454 a700
    00000a0: 3219 05b6 0057 b600 4c1c 9f00 0b2d 1015
    00000b0: 0454 a700 1e2d 1016 0454 b800 1712 19b6
    00000c0: 001d 1100 60b6 0023 1905 2d10 1704 54b0
    00000d0: b800 1712 19b6 001d 1100 62b6 0023 2d10
    00000e0: 1804 54a7 ff41 b800 1712 19b6 001d 1100
    00000f0: 63b6 0023 012d 1019 0454 b0            
  Stackmap Table:
    append_frame(@97,Object[#111],Object[#63],Object[#83])
    same_frame(@117)
    same_frame(@161)
    same_frame(@181)

	at test.java.MainTest.testExecuteGrasp(MainTest.java:120)
</error>
  </testcase>
  <testcase name="testObtainFileName_noArgsWithInput" classname="test.java.MainTest" time="0">
    <error message="Expecting a stackmap frame at branch target 53&#10;Exception Details:&#10;  Location:&#10;    main/java/Main.obtainFileName([Ljava/lang/String;)Ljava/lang/String; @22: ifle&#10;  Reason:&#10;    Expected stackmap frame at this location.&#10;  Bytecode:&#10;    0000000: 1292 c000 944c b800 1112 13b6 0017 1100&#10;    0000010: 12b6 001d 2abe 9e00 1f2b 1007 0454 b800&#10;    0000020: 1112 13b6 0017 1100 13b6 001d 2a03 322b&#10;    0000030: 1008 0454 b0b8 0011 1213 b600 1711 0015&#10;    0000040: b600 1db2 0044 1246 b600 4b2b 1009 0454&#10;    0000050: b800 1112 13b6 0017 1100 16b6 001d bb00&#10;    0000060: 4d59 b200 53b7 0056 4d2b 100a 0454 b800&#10;    0000070: 1112 13b6 0017 1100 17b6 001d 2cb6 005a&#10;    0000080: 4e2b 100b 0454 b800 1112 13b6 0017 1100&#10;    0000090: 18b6 001d 2cb6 005d 2b10 0c04 54b8 0011&#10;    00000a0: 1213 b600 1711 0019 b600 1d2d 2b10 0d04&#10;    00000b0: 54b0                                   &#10;" type="java.lang.VerifyError">java.lang.VerifyError: 
Expecting a stackmap frame at branch target 53
Exception Details:
  Location:
    main/java/Main.obtainFileName([Ljava/lang/String;)Ljava/lang/String; @22: ifle
  Reason:
    Expected stackmap frame at this location.
  Bytecode:
    0000000: 1292 c000 944c b800 1112 13b6 0017 1100
    0000010: 12b6 001d 2abe 9e00 1f2b 1007 0454 b800
    0000020: 1112 13b6 0017 1100 13b6 001d 2a03 322b
    0000030: 1008 0454 b0b8 0011 1213 b600 1711 0015
    0000040: b600 1db2 0044 1246 b600 4b2b 1009 0454
    0000050: b800 1112 13b6 0017 1100 16b6 001d bb00
    0000060: 4d59 b200 53b7 0056 4d2b 100a 0454 b800
    0000070: 1112 13b6 0017 1100 17b6 001d 2cb6 005a
    0000080: 4e2b 100b 0454 b800 1112 13b6 0017 1100
    0000090: 18b6 001d 2cb6 005d 2b10 0c04 54b8 0011
    00000a0: 1213 b600 1711 0019 b600 1d2d 2b10 0d04
    00000b0: 54b0                                   

	at test.java.MainTest.testObtainFileName_noArgsWithInput(MainTest.java:53)
</error>
  </testcase>
  <testcase name="testObtainFileName_noArgsAndNoInput" classname="test.java.MainTest" time="0">
    <failure message="Unexpected exception type thrown, expected: &lt;java.util.NoSuchElementException&gt; but was: &lt;java.lang.VerifyError&gt;" type="org.opentest4j.AssertionFailedError"><![CDATA[org.opentest4j.AssertionFailedError: Unexpected exception type thrown, expected: <java.util.NoSuchElementException> but was: <java.lang.VerifyError>
	at test.java.MainTest.testObtainFileName_noArgsAndNoInput(MainTest.java:34)
Caused by: java.lang.VerifyError: 
Expecting a stackmap frame at branch target 53
Exception Details:
  Location:
    main/java/Main.obtainFileName([Ljava/lang/String;)Ljava/lang/String; @22: ifle
  Reason:
    Expected stackmap frame at this location.
  Bytecode:
    0000000: 1292 c000 944c b800 1112 13b6 0017 1100
    0000010: 12b6 001d 2abe 9e00 1f2b 1007 0454 b800
    0000020: 1112 13b6 0017 1100 13b6 001d 2a03 322b
    0000030: 1008 0454 b0b8 0011 1213 b600 1711 0015
    0000040: b600 1db2 0044 1246 b600 4b2b 1009 0454
    0000050: b800 1112 13b6 0017 1100 16b6 001d bb00
    0000060: 4d59 b200 53b7 0056 4d2b 100a 0454 b800
    0000070: 1112 13b6 0017 1100 17b6 001d 2cb6 005a
    0000080: 4e2b 100b 0454 b800 1112 13b6 0017 1100
    0000090: 18b6 001d 2cb6 005d 2b10 0c04 54b8 0011
    00000a0: 1213 b600 1711 0019 b600 1d2d 2b10 0d04
    00000b0: 54b0                                   

	at test.java.MainTest.lambda$testObtainFileName_noArgsAndNoInput$0(MainTest.java:35)
	at test.java.MainTest.testObtainFileName_noArgsAndNoInput(MainTest.java:34)
]]></failure>
  </testcase>
  <testcase name="testObtainFileName_args" classname="test.java.MainTest" time="0.001">
    <error message="Expecting a stackmap frame at branch target 53&#10;Exception Details:&#10;  Location:&#10;    main/java/Main.obtainFileName([Ljava/lang/String;)Ljava/lang/String; @22: ifle&#10;  Reason:&#10;    Expected stackmap frame at this location.&#10;  Bytecode:&#10;    0000000: 1292 c000 944c b800 1112 13b6 0017 1100&#10;    0000010: 12b6 001d 2abe 9e00 1f2b 1007 0454 b800&#10;    0000020: 1112 13b6 0017 1100 13b6 001d 2a03 322b&#10;    0000030: 1008 0454 b0b8 0011 1213 b600 1711 0015&#10;    0000040: b600 1db2 0044 1246 b600 4b2b 1009 0454&#10;    0000050: b800 1112 13b6 0017 1100 16b6 001d bb00&#10;    0000060: 4d59 b200 53b7 0056 4d2b 100a 0454 b800&#10;    0000070: 1112 13b6 0017 1100 17b6 001d 2cb6 005a&#10;    0000080: 4e2b 100b 0454 b800 1112 13b6 0017 1100&#10;    0000090: 18b6 001d 2cb6 005d 2b10 0c04 54b8 0011&#10;    00000a0: 1213 b600 1711 0019 b600 1d2d 2b10 0d04&#10;    00000b0: 54b0                                   &#10;" type="java.lang.VerifyError">java.lang.VerifyError: 
Expecting a stackmap frame at branch target 53
Exception Details:
  Location:
    main/java/Main.obtainFileName([Ljava/lang/String;)Ljava/lang/String; @22: ifle
  Reason:
    Expected stackmap frame at this location.
  Bytecode:
    0000000: 1292 c000 944c b800 1112 13b6 0017 1100
    0000010: 12b6 001d 2abe 9e00 1f2b 1007 0454 b800
    0000020: 1112 13b6 0017 1100 13b6 001d 2a03 322b
    0000030: 1008 0454 b0b8 0011 1213 b600 1711 0015
    0000040: b600 1db2 0044 1246 b600 4b2b 1009 0454
    0000050: b800 1112 13b6 0017 1100 16b6 001d bb00
    0000060: 4d59 b200 53b7 0056 4d2b 100a 0454 b800
    0000070: 1112 13b6 0017 1100 17b6 001d 2cb6 005a
    0000080: 4e2b 100b 0454 b800 1112 13b6 0017 1100
    0000090: 18b6 001d 2cb6 005d 2b10 0c04 54b8 0011
    00000a0: 1213 b600 1711 0019 b600 1d2d 2b10 0d04
    00000b0: 54b0                                   

	at test.java.MainTest.testObtainFileName_args(MainTest.java:20)
</error>
  </testcase>
</testsuite>