<?xml version="1.0" encoding="UTF-8"?>
<testsuite xmlns:xsi="http://www.w3.org/2001/XMLSchema-instance" xsi:noNamespaceSchemaLocation="https://maven.apache.org/surefire/maven-surefire-plugin/xsd/surefire-test-report.xsd" name="test.java.MetVNDTest" time="0" tests="1" errors="0" skipped="0" failures="0">
  <properties>
    <property name="sun.desktop" value="gnome"/>
    <property name="awt.toolkit" value="sun.awt.X11.XToolkit"/>
    <property name="java.specification.version" value="11"/>
    <property name="sun.cpu.isalist" value=""/>
    <property name="sun.jnu.encoding" value="UTF-8"/>
    <property name="java.class.path" value="/home/ramirodifonti/Escritorio/cuarto/lab/LDH-PrFinal/target/test-classes:/home/ramirodifonti/Escritorio/cuarto/lab/LDH-PrFinal/target/classes:/home/ramirodifonti/.m2/repository/net/sourceforge/jexcelapi/jxl/2.6.12/jxl-2.6.12.jar:/home/ramirodifonti/.m2/repository/log4j/log4j/1.2.14/log4j-1.2.14.jar:/home/ramirodifonti/.m2/repository/org/apache/maven/doxia/doxia-site-renderer/2.0.0-M13/doxia-site-renderer-2.0.0-M13.jar:/home/ramirodifonti/.m2/repository/org/apache/maven/maven-artifact/3.2.5/maven-artifact-3.2.5.jar:/home/ramirodifonti/.m2/repository/org/slf4j/slf4j-api/1.7.36/slf4j-api-1.7.36.jar:/home/ramirodifonti/.m2/repository/javax/inject/javax.inject/1/javax.inject-1.jar:/home/ramirodifonti/.m2/repository/org/apache/maven/doxia/doxia-core/2.0.0-M8/doxia-core-2.0.0-M8.jar:/home/ramirodifonti/.m2/repository/commons-io/commons-io/2.11.0/commons-io-2.11.0.jar:/home/ramirodifonti/.m2/repository/org/apache/commons/commons-text/1.10.0/commons-text-1.10.0.jar:/home/ramirodifonti/.m2/repository/org/apache/maven/doxia/doxia-sink-api/2.0.0-M8/doxia-sink-api-2.0.0-M8.jar:/home/ramirodifonti/.m2/repository/org/apache/maven/doxia/doxia-site-model/2.0.0-M13/doxia-site-model-2.0.0-M13.jar:/home/ramirodifonti/.m2/repository/org/apache/maven/doxia/doxia-skin-model/2.0.0-M13/doxia-skin-model-2.0.0-M13.jar:/home/ramirodifonti/.m2/repository/org/apache/maven/doxia/doxia-module-xhtml5/2.0.0-M8/doxia-module-xhtml5-2.0.0-M8.jar:/home/ramirodifonti/.m2/repository/org/eclipse/sisu/org.eclipse.sisu.plexus/0.9.0.M2/org.eclipse.sisu.plexus-0.9.0.M2.jar:/home/ramirodifonti/.m2/repository/javax/annotation/javax.annotation-api/1.2/javax.annotation-api-1.2.jar:/home/ramirodifonti/.m2/repository/javax/enterprise/cdi-api/1.2/cdi-api-1.2.jar:/home/ramirodifonti/.m2/repository/org/eclipse/sisu/org.eclipse.sisu.inject/0.9.0.M2/org.eclipse.sisu.inject-0.9.0.M2.jar:/home/ramirodifonti/.m2/repository/org/codehaus/plexus/plexus-component-annotations/2.1.0/plexus-component-annotations-2.1.0.jar:/home/ramirodifonti/.m2/repository/org/codehaus/plexus/plexus-classworlds/2.6.0/plexus-classworlds-2.6.0.jar:/home/ramirodifonti/.m2/repository/org/codehaus/plexus/plexus-velocity/2.0/plexus-velocity-2.0.jar:/home/ramirodifonti/.m2/repository/org/codehaus/plexus/plexus-utils/3.5.1/plexus-utils-3.5.1.jar:/home/ramirodifonti/.m2/repository/org/apache/velocity/velocity-engine-core/2.3/velocity-engine-core-2.3.jar:/home/ramirodifonti/.m2/repository/org/apache/velocity/tools/velocity-tools-generic/3.1/velocity-tools-generic-3.1.jar:/home/ramirodifonti/.m2/repository/org/apache/commons/commons-digester3/3.2/commons-digester3-3.2.jar:/home/ramirodifonti/.m2/repository/com/github/cliftonlabs/json-simple/3.0.2/json-simple-3.0.2.jar:/home/ramirodifonti/.m2/repository/org/apache/commons/commons-lang3/3.12.0/commons-lang3-3.12.0.jar:/home/ramirodifonti/.m2/repository/org/apache/maven/plugins/maven-site-plugin/4.0.0-M11/maven-site-plugin-4.0.0-M11.jar:/home/ramirodifonti/.m2/repository/org/apache/maven/reporting/maven-reporting-api/4.0.0-M8/maven-reporting-api-4.0.0-M8.jar:/home/ramirodifonti/.m2/repository/org/apache/maven/reporting/maven-reporting-exec/2.0.0-M11/maven-reporting-exec-2.0.0-M11.jar:/home/ramirodifonti/.m2/repository/org/apache/maven/maven-model/3.2.5/maven-model-3.2.5.jar:/home/ramirodifonti/.m2/repository/org/apache/maven/maven-settings/3.2.5/maven-settings-3.2.5.jar:/home/ramirodifonti/.m2/repository/org/apache/maven/maven-settings-builder/3.2.5/maven-settings-builder-3.2.5.jar:/home/ramirodifonti/.m2/repository/org/eclipse/aether/aether-api/1.0.0.v20140518/aether-api-1.0.0.v20140518.jar:/home/ramirodifonti/.m2/repository/org/eclipse/aether/aether-util/1.0.0.v20140518/aether-util-1.0.0.v20140518.jar:/home/ramirodifonti/.m2/repository/org/apache/maven/shared/maven-shared-utils/3.4.2/maven-shared-utils-3.4.2.jar:/home/ramirodifonti/.m2/repository/org/apache/maven/maven-archiver/3.6.1/maven-archiver-3.6.1.jar:/home/ramirodifonti/.m2/repository/org/codehaus/plexus/plexus-interpolation/1.26/plexus-interpolation-1.26.jar:/home/ramirodifonti/.m2/repository/org/codehaus/plexus/plexus-archiver/4.8.0/plexus-archiver-4.8.0.jar:/home/ramirodifonti/.m2/repository/org/codehaus/plexus/plexus-io/3.4.1/plexus-io-3.4.1.jar:/home/ramirodifonti/.m2/repository/org/apache/commons/commons-compress/1.23.0/commons-compress-1.23.0.jar:/home/ramirodifonti/.m2/repository/org/iq80/snappy/snappy/0.4/snappy-0.4.jar:/home/ramirodifonti/.m2/repository/org/tukaani/xz/1.9/xz-1.9.jar:/home/ramirodifonti/.m2/repository/com/github/luben/zstd-jni/1.5.5-5/zstd-jni-1.5.5-5.jar:/home/ramirodifonti/.m2/repository/org/codehaus/plexus/plexus-i18n/1.0-beta-10/plexus-i18n-1.0-beta-10.jar:/home/ramirodifonti/.m2/repository/org/apache/maven/doxia/doxia-module-apt/2.0.0-M8/doxia-module-apt-2.0.0-M8.jar:/home/ramirodifonti/.m2/repository/org/apache/maven/doxia/doxia-module-xdoc/2.0.0-M8/doxia-module-xdoc-2.0.0-M8.jar:/home/ramirodifonti/.m2/repository/org/apache/maven/doxia/doxia-module-fml/2.0.0-M8/doxia-module-fml-2.0.0-M8.jar:/home/ramirodifonti/.m2/repository/org/apache/maven/doxia/doxia-module-markdown/2.0.0-M8/doxia-module-markdown-2.0.0-M8.jar:/home/ramirodifonti/.m2/repository/com/vladsch/flexmark/flexmark/0.62.2/flexmark-0.62.2.jar:/home/ramirodifonti/.m2/repository/com/vladsch/flexmark/flexmark-util-builder/0.62.2/flexmark-util-builder-0.62.2.jar:/home/ramirodifonti/.m2/repository/com/vladsch/flexmark/flexmark-util-collection/0.62.2/flexmark-util-collection-0.62.2.jar:/home/ramirodifonti/.m2/repository/com/vladsch/flexmark/flexmark-util-dependency/0.62.2/flexmark-util-dependency-0.62.2.jar:/home/ramirodifonti/.m2/repository/com/vladsch/flexmark/flexmark-util-format/0.62.2/flexmark-util-format-0.62.2.jar:/home/ramirodifonti/.m2/repository/com/vladsch/flexmark/flexmark-util-html/0.62.2/flexmark-util-html-0.62.2.jar:/home/ramirodifonti/.m2/repository/com/vladsch/flexmark/flexmark-util-visitor/0.62.2/flexmark-util-visitor-0.62.2.jar:/home/ramirodifonti/.m2/repository/com/vladsch/flexmark/flexmark-util-data/0.62.2/flexmark-util-data-0.62.2.jar:/home/ramirodifonti/.m2/repository/com/vladsch/flexmark/flexmark-util-misc/0.62.2/flexmark-util-misc-0.62.2.jar:/home/ramirodifonti/.m2/repository/com/vladsch/flexmark/flexmark-util-sequence/0.62.2/flexmark-util-sequence-0.62.2.jar:/home/ramirodifonti/.m2/repository/com/vladsch/flexmark/flexmark-util-ast/0.62.2/flexmark-util-ast-0.62.2.jar:/home/ramirodifonti/.m2/repository/com/vladsch/flexmark/flexmark-ext-abbreviation/0.62.2/flexmark-ext-abbreviation-0.62.2.jar:/home/ramirodifonti/.m2/repository/com/vladsch/flexmark/flexmark-util/0.62.2/flexmark-util-0.62.2.jar:/home/ramirodifonti/.m2/repository/com/vladsch/flexmark/flexmark-util-options/0.62.2/flexmark-util-options-0.62.2.jar:/home/ramirodifonti/.m2/repository/com/vladsch/flexmark/flexmark-ext-autolink/0.62.2/flexmark-ext-autolink-0.62.2.jar:/home/ramirodifonti/.m2/repository/org/nibor/autolink/autolink/0.6.0/autolink-0.6.0.jar:/home/ramirodifonti/.m2/repository/com/vladsch/flexmark/flexmark-ext-definition/0.62.2/flexmark-ext-definition-0.62.2.jar:/home/ramirodifonti/.m2/repository/com/vladsch/flexmark/flexmark-ext-escaped-character/0.62.2/flexmark-ext-escaped-character-0.62.2.jar:/home/ramirodifonti/.m2/repository/com/vladsch/flexmark/flexmark-ext-gfm-strikethrough/0.62.2/flexmark-ext-gfm-strikethrough-0.62.2.jar:/home/ramirodifonti/.m2/repository/com/vladsch/flexmark/flexmark-ext-tables/0.62.2/flexmark-ext-tables-0.62.2.jar:/home/ramirodifonti/.m2/repository/com/vladsch/flexmark/flexmark-ext-typographic/0.62.2/flexmark-ext-typographic-0.62.2.jar:/home/ramirodifonti/.m2/repository/com/vladsch/flexmark/flexmark-ext-wikilink/0.62.2/flexmark-ext-wikilink-0.62.2.jar:/home/ramirodifonti/.m2/repository/com/vladsch/flexmark/flexmark-ext-yaml-front-matter/0.62.2/flexmark-ext-yaml-front-matter-0.62.2.jar:/home/ramirodifonti/.m2/repository/org/jetbrains/annotations/24.0.1/annotations-24.0.1.jar:/home/ramirodifonti/.m2/repository/org/apache/maven/doxia/doxia-integration-tools/2.0.0-M13/doxia-integration-tools-2.0.0-M13.jar:/home/ramirodifonti/.m2/repository/org/eclipse/jetty/jetty-server/9.4.53.v20231009/jetty-server-9.4.53.v20231009.jar:/home/ramirodifonti/.m2/repository/javax/servlet/javax.servlet-api/3.1.0/javax.servlet-api-3.1.0.jar:/home/ramirodifonti/.m2/repository/org/eclipse/jetty/jetty-io/9.4.53.v20231009/jetty-io-9.4.53.v20231009.jar:/home/ramirodifonti/.m2/repository/org/eclipse/jetty/jetty-http/9.4.53.v20231009/jetty-http-9.4.53.v20231009.jar:/home/ramirodifonti/.m2/repository/org/eclipse/jetty/jetty-servlet/9.4.53.v20231009/jetty-servlet-9.4.53.v20231009.jar:/home/ramirodifonti/.m2/repository/org/eclipse/jetty/jetty-security/9.4.53.v20231009/jetty-security-9.4.53.v20231009.jar:/home/ramirodifonti/.m2/repository/org/eclipse/jetty/jetty-util-ajax/9.4.53.v20231009/jetty-util-ajax-9.4.53.v20231009.jar:/home/ramirodifonti/.m2/repository/org/eclipse/jetty/jetty-webapp/9.4.53.v20231009/jetty-webapp-9.4.53.v20231009.jar:/home/ramirodifonti/.m2/repository/org/eclipse/jetty/jetty-xml/9.4.53.v20231009/jetty-xml-9.4.53.v20231009.jar:/home/ramirodifonti/.m2/repository/org/eclipse/jetty/jetty-util/9.4.53.v20231009/jetty-util-9.4.53.v20231009.jar:/home/ramirodifonti/.m2/repository/com/puppycrawl/tools/checkstyle/10.12.4/checkstyle-10.12.4.jar:/home/ramirodifonti/.m2/repository/info/picocli/picocli/4.7.5/picocli-4.7.5.jar:/home/ramirodifonti/.m2/repository/org/antlr/antlr4-runtime/4.13.1/antlr4-runtime-4.13.1.jar:/home/ramirodifonti/.m2/repository/commons-beanutils/commons-beanutils/1.9.4/commons-beanutils-1.9.4.jar:/home/ramirodifonti/.m2/repository/commons-logging/commons-logging/1.2/commons-logging-1.2.jar:/home/ramirodifonti/.m2/repository/commons-collections/commons-collections/3.2.2/commons-collections-3.2.2.jar:/home/ramirodifonti/.m2/repository/com/google/guava/guava/32.0.1-jre/guava-32.0.1-jre.jar:/home/ramirodifonti/.m2/repository/com/google/guava/failureaccess/1.0.1/failureaccess-1.0.1.jar:/home/ramirodifonti/.m2/repository/com/google/guava/listenablefuture/9999.0-empty-to-avoid-conflict-with-guava/listenablefuture-9999.0-empty-to-avoid-conflict-with-guava.jar:/home/ramirodifonti/.m2/repository/com/google/code/findbugs/jsr305/3.0.2/jsr305-3.0.2.jar:/home/ramirodifonti/.m2/repository/com/google/errorprone/error_prone_annotations/2.18.0/error_prone_annotations-2.18.0.jar:/home/ramirodifonti/.m2/repository/com/google/j2objc/j2objc-annotations/2.8/j2objc-annotations-2.8.jar:/home/ramirodifonti/.m2/repository/org/reflections/reflections/0.10.2/reflections-0.10.2.jar:/home/ramirodifonti/.m2/repository/org/javassist/javassist/3.28.0-GA/javassist-3.28.0-GA.jar:/home/ramirodifonti/.m2/repository/net/sf/saxon/Saxon-HE/12.3/Saxon-HE-12.3.jar:/home/ramirodifonti/.m2/repository/org/xmlresolver/xmlresolver/5.2.0/xmlresolver-5.2.0.jar:/home/ramirodifonti/.m2/repository/org/apache/httpcomponents/client5/httpclient5/5.1.3/httpclient5-5.1.3.jar:/home/ramirodifonti/.m2/repository/org/apache/httpcomponents/core5/httpcore5-h2/5.1.3/httpcore5-h2-5.1.3.jar:/home/ramirodifonti/.m2/repository/commons-codec/commons-codec/1.15/commons-codec-1.15.jar:/home/ramirodifonti/.m2/repository/org/apache/httpcomponents/core5/httpcore5/5.1.3/httpcore5-5.1.3.jar:/home/ramirodifonti/.m2/repository/org/xmlresolver/xmlresolver/5.2.0/xmlresolver-5.2.0-data.jar:/home/ramirodifonti/.m2/repository/org/checkerframework/checker-qual/3.27.0/checker-qual-3.27.0.jar:/home/ramirodifonti/.m2/repository/org/junit/jupiter/junit-jupiter-engine/5.10.1/junit-jupiter-engine-5.10.1.jar:/home/ramirodifonti/.m2/repository/org/junit/platform/junit-platform-engine/1.10.1/junit-platform-engine-1.10.1.jar:/home/ramirodifonti/.m2/repository/org/apiguardian/apiguardian-api/1.1.2/apiguardian-api-1.1.2.jar:/home/ramirodifonti/.m2/repository/org/jacoco/jacoco-maven-plugin/0.8.6/jacoco-maven-plugin-0.8.6.jar:/home/ramirodifonti/.m2/repository/org/apache/maven/maven-plugin-api/3.0/maven-plugin-api-3.0.jar:/home/ramirodifonti/.m2/repository/org/sonatype/sisu/sisu-inject-plexus/1.4.2/sisu-inject-plexus-1.4.2.jar:/home/ramirodifonti/.m2/repository/org/sonatype/sisu/sisu-inject-bean/1.4.2/sisu-inject-bean-1.4.2.jar:/home/ramirodifonti/.m2/repository/org/sonatype/sisu/sisu-guice/2.1.7/sisu-guice-2.1.7-noaop.jar:/home/ramirodifonti/.m2/repository/org/apache/maven/maven-core/3.0/maven-core-3.0.jar:/home/ramirodifonti/.m2/repository/org/apache/maven/maven-repository-metadata/3.0/maven-repository-metadata-3.0.jar:/home/ramirodifonti/.m2/repository/org/apache/maven/maven-model-builder/3.0/maven-model-builder-3.0.jar:/home/ramirodifonti/.m2/repository/org/apache/maven/maven-aether-provider/3.0/maven-aether-provider-3.0.jar:/home/ramirodifonti/.m2/repository/org/sonatype/aether/aether-impl/1.7/aether-impl-1.7.jar:/home/ramirodifonti/.m2/repository/org/sonatype/aether/aether-spi/1.7/aether-spi-1.7.jar:/home/ramirodifonti/.m2/repository/org/sonatype/aether/aether-api/1.7/aether-api-1.7.jar:/home/ramirodifonti/.m2/repository/org/sonatype/aether/aether-util/1.7/aether-util-1.7.jar:/home/ramirodifonti/.m2/repository/org/sonatype/plexus/plexus-sec-dispatcher/1.3/plexus-sec-dispatcher-1.3.jar:/home/ramirodifonti/.m2/repository/org/sonatype/plexus/plexus-cipher/1.4/plexus-cipher-1.4.jar:/home/ramirodifonti/.m2/repository/org/apache/maven/shared/file-management/1.2.1/file-management-1.2.1.jar:/home/ramirodifonti/.m2/repository/org/apache/maven/shared/maven-shared-io/1.1/maven-shared-io-1.1.jar:/home/ramirodifonti/.m2/repository/org/apache/maven/maven-artifact-manager/2.0.2/maven-artifact-manager-2.0.2.jar:/home/ramirodifonti/.m2/repository/org/apache/maven/wagon/wagon-provider-api/1.0-alpha-6/wagon-provider-api-1.0-alpha-6.jar:/home/ramirodifonti/.m2/repository/org/codehaus/plexus/plexus-container-default/1.0-alpha-9/plexus-container-default-1.0-alpha-9.jar:/home/ramirodifonti/.m2/repository/junit/junit/3.8.1/junit-3.8.1.jar:/home/ramirodifonti/.m2/repository/classworlds/classworlds/1.1-alpha-2/classworlds-1.1-alpha-2.jar:/home/ramirodifonti/.m2/repository/org/apache/maven/reporting/maven-reporting-impl/2.1/maven-reporting-impl-2.1.jar:/home/ramirodifonti/.m2/repository/org/apache/maven/maven-project/2.0.10/maven-project-2.0.10.jar:/home/ramirodifonti/.m2/repository/org/apache/maven/maven-profile/2.0.10/maven-profile-2.0.10.jar:/home/ramirodifonti/.m2/repository/org/apache/maven/maven-plugin-registry/2.0.10/maven-plugin-registry-2.0.10.jar:/home/ramirodifonti/.m2/repository/commons-validator/commons-validator/1.2.0/commons-validator-1.2.0.jar:/home/ramirodifonti/.m2/repository/commons-digester/commons-digester/1.6/commons-digester-1.6.jar:/home/ramirodifonti/.m2/repository/oro/oro/2.0.8/oro-2.0.8.jar:/home/ramirodifonti/.m2/repository/xml-apis/xml-apis/1.0.b2/xml-apis-1.0.b2.jar:/home/ramirodifonti/.m2/repository/org/jacoco/org.jacoco.agent/0.8.6/org.jacoco.agent-0.8.6-runtime.jar:/home/ramirodifonti/.m2/repository/org/jacoco/org.jacoco.core/0.8.6/org.jacoco.core-0.8.6.jar:/home/ramirodifonti/.m2/repository/org/ow2/asm/asm/8.0.1/asm-8.0.1.jar:/home/ramirodifonti/.m2/repository/org/ow2/asm/asm-commons/8.0.1/asm-commons-8.0.1.jar:/home/ramirodifonti/.m2/repository/org/ow2/asm/asm-analysis/8.0.1/asm-analysis-8.0.1.jar:/home/ramirodifonti/.m2/repository/org/ow2/asm/asm-tree/8.0.1/asm-tree-8.0.1.jar:/home/ramirodifonti/.m2/repository/org/jacoco/org.jacoco.report/0.8.6/org.jacoco.report-0.8.6.jar:/home/ramirodifonti/.m2/repository/org/junit/jupiter/junit-jupiter-api/5.10.1/junit-jupiter-api-5.10.1.jar:/home/ramirodifonti/.m2/repository/org/opentest4j/opentest4j/1.3.0/opentest4j-1.3.0.jar:/home/ramirodifonti/.m2/repository/org/junit/platform/junit-platform-commons/1.10.1/junit-platform-commons-1.10.1.jar:"/>
    <property name="java.vm.vendor" value="Ubuntu"/>
    <property name="sun.arch.data.model" value="64"/>
    <property name="java.vendor.url" value="https://ubuntu.com/"/>
    <property name="user.timezone" value=""/>
    <property name="java.vm.specification.version" value="11"/>
    <property name="os.name" value="Linux"/>
    <property name="sun.java.launcher" value="SUN_STANDARD"/>
    <property name="user.country" value="ES"/>
    <property name="sun.boot.library.path" value="/usr/lib/jvm/java-11-openjdk-amd64/lib"/>
    <property name="sun.java.command" value="/home/ramirodifonti/Escritorio/cuarto/lab/LDH-PrFinal/target/surefire/surefirebooter4363782756497636638.jar /home/ramirodifonti/Escritorio/cuarto/lab/LDH-PrFinal/target/surefire 2023-12-05T12-48-46_779-jvmRun1 surefire6663223318808084197tmp surefire_03450550584559042927tmp"/>
    <property name="jdk.debug" value="release"/>
    <property name="surefire.test.class.path" value="/home/ramirodifonti/Escritorio/cuarto/lab/LDH-PrFinal/target/test-classes:/home/ramirodifonti/Escritorio/cuarto/lab/LDH-PrFinal/target/classes:/home/ramirodifonti/.m2/repository/net/sourceforge/jexcelapi/jxl/2.6.12/jxl-2.6.12.jar:/home/ramirodifonti/.m2/repository/log4j/log4j/1.2.14/log4j-1.2.14.jar:/home/ramirodifonti/.m2/repository/org/apache/maven/doxia/doxia-site-renderer/2.0.0-M13/doxia-site-renderer-2.0.0-M13.jar:/home/ramirodifonti/.m2/repository/org/apache/maven/maven-artifact/3.2.5/maven-artifact-3.2.5.jar:/home/ramirodifonti/.m2/repository/org/slf4j/slf4j-api/1.7.36/slf4j-api-1.7.36.jar:/home/ramirodifonti/.m2/repository/javax/inject/javax.inject/1/javax.inject-1.jar:/home/ramirodifonti/.m2/repository/org/apache/maven/doxia/doxia-core/2.0.0-M8/doxia-core-2.0.0-M8.jar:/home/ramirodifonti/.m2/repository/commons-io/commons-io/2.11.0/commons-io-2.11.0.jar:/home/ramirodifonti/.m2/repository/org/apache/commons/commons-text/1.10.0/commons-text-1.10.0.jar:/home/ramirodifonti/.m2/repository/org/apache/maven/doxia/doxia-sink-api/2.0.0-M8/doxia-sink-api-2.0.0-M8.jar:/home/ramirodifonti/.m2/repository/org/apache/maven/doxia/doxia-site-model/2.0.0-M13/doxia-site-model-2.0.0-M13.jar:/home/ramirodifonti/.m2/repository/org/apache/maven/doxia/doxia-skin-model/2.0.0-M13/doxia-skin-model-2.0.0-M13.jar:/home/ramirodifonti/.m2/repository/org/apache/maven/doxia/doxia-module-xhtml5/2.0.0-M8/doxia-module-xhtml5-2.0.0-M8.jar:/home/ramirodifonti/.m2/repository/org/eclipse/sisu/org.eclipse.sisu.plexus/0.9.0.M2/org.eclipse.sisu.plexus-0.9.0.M2.jar:/home/ramirodifonti/.m2/repository/javax/annotation/javax.annotation-api/1.2/javax.annotation-api-1.2.jar:/home/ramirodifonti/.m2/repository/javax/enterprise/cdi-api/1.2/cdi-api-1.2.jar:/home/ramirodifonti/.m2/repository/org/eclipse/sisu/org.eclipse.sisu.inject/0.9.0.M2/org.eclipse.sisu.inject-0.9.0.M2.jar:/home/ramirodifonti/.m2/repository/org/codehaus/plexus/plexus-component-annotations/2.1.0/plexus-component-annotations-2.1.0.jar:/home/ramirodifonti/.m2/repository/org/codehaus/plexus/plexus-classworlds/2.6.0/plexus-classworlds-2.6.0.jar:/home/ramirodifonti/.m2/repository/org/codehaus/plexus/plexus-velocity/2.0/plexus-velocity-2.0.jar:/home/ramirodifonti/.m2/repository/org/codehaus/plexus/plexus-utils/3.5.1/plexus-utils-3.5.1.jar:/home/ramirodifonti/.m2/repository/org/apache/velocity/velocity-engine-core/2.3/velocity-engine-core-2.3.jar:/home/ramirodifonti/.m2/repository/org/apache/velocity/tools/velocity-tools-generic/3.1/velocity-tools-generic-3.1.jar:/home/ramirodifonti/.m2/repository/org/apache/commons/commons-digester3/3.2/commons-digester3-3.2.jar:/home/ramirodifonti/.m2/repository/com/github/cliftonlabs/json-simple/3.0.2/json-simple-3.0.2.jar:/home/ramirodifonti/.m2/repository/org/apache/commons/commons-lang3/3.12.0/commons-lang3-3.12.0.jar:/home/ramirodifonti/.m2/repository/org/apache/maven/plugins/maven-site-plugin/4.0.0-M11/maven-site-plugin-4.0.0-M11.jar:/home/ramirodifonti/.m2/repository/org/apache/maven/reporting/maven-reporting-api/4.0.0-M8/maven-reporting-api-4.0.0-M8.jar:/home/ramirodifonti/.m2/repository/org/apache/maven/reporting/maven-reporting-exec/2.0.0-M11/maven-reporting-exec-2.0.0-M11.jar:/home/ramirodifonti/.m2/repository/org/apache/maven/maven-model/3.2.5/maven-model-3.2.5.jar:/home/ramirodifonti/.m2/repository/org/apache/maven/maven-settings/3.2.5/maven-settings-3.2.5.jar:/home/ramirodifonti/.m2/repository/org/apache/maven/maven-settings-builder/3.2.5/maven-settings-builder-3.2.5.jar:/home/ramirodifonti/.m2/repository/org/eclipse/aether/aether-api/1.0.0.v20140518/aether-api-1.0.0.v20140518.jar:/home/ramirodifonti/.m2/repository/org/eclipse/aether/aether-util/1.0.0.v20140518/aether-util-1.0.0.v20140518.jar:/home/ramirodifonti/.m2/repository/org/apache/maven/shared/maven-shared-utils/3.4.2/maven-shared-utils-3.4.2.jar:/home/ramirodifonti/.m2/repository/org/apache/maven/maven-archiver/3.6.1/maven-archiver-3.6.1.jar:/home/ramirodifonti/.m2/repository/org/codehaus/plexus/plexus-interpolation/1.26/plexus-interpolation-1.26.jar:/home/ramirodifonti/.m2/repository/org/codehaus/plexus/plexus-archiver/4.8.0/plexus-archiver-4.8.0.jar:/home/ramirodifonti/.m2/repository/org/codehaus/plexus/plexus-io/3.4.1/plexus-io-3.4.1.jar:/home/ramirodifonti/.m2/repository/org/apache/commons/commons-compress/1.23.0/commons-compress-1.23.0.jar:/home/ramirodifonti/.m2/repository/org/iq80/snappy/snappy/0.4/snappy-0.4.jar:/home/ramirodifonti/.m2/repository/org/tukaani/xz/1.9/xz-1.9.jar:/home/ramirodifonti/.m2/repository/com/github/luben/zstd-jni/1.5.5-5/zstd-jni-1.5.5-5.jar:/home/ramirodifonti/.m2/repository/org/codehaus/plexus/plexus-i18n/1.0-beta-10/plexus-i18n-1.0-beta-10.jar:/home/ramirodifonti/.m2/repository/org/apache/maven/doxia/doxia-module-apt/2.0.0-M8/doxia-module-apt-2.0.0-M8.jar:/home/ramirodifonti/.m2/repository/org/apache/maven/doxia/doxia-module-xdoc/2.0.0-M8/doxia-module-xdoc-2.0.0-M8.jar:/home/ramirodifonti/.m2/repository/org/apache/maven/doxia/doxia-module-fml/2.0.0-M8/doxia-module-fml-2.0.0-M8.jar:/home/ramirodifonti/.m2/repository/org/apache/maven/doxia/doxia-module-markdown/2.0.0-M8/doxia-module-markdown-2.0.0-M8.jar:/home/ramirodifonti/.m2/repository/com/vladsch/flexmark/flexmark/0.62.2/flexmark-0.62.2.jar:/home/ramirodifonti/.m2/repository/com/vladsch/flexmark/flexmark-util-builder/0.62.2/flexmark-util-builder-0.62.2.jar:/home/ramirodifonti/.m2/repository/com/vladsch/flexmark/flexmark-util-collection/0.62.2/flexmark-util-collection-0.62.2.jar:/home/ramirodifonti/.m2/repository/com/vladsch/flexmark/flexmark-util-dependency/0.62.2/flexmark-util-dependency-0.62.2.jar:/home/ramirodifonti/.m2/repository/com/vladsch/flexmark/flexmark-util-format/0.62.2/flexmark-util-format-0.62.2.jar:/home/ramirodifonti/.m2/repository/com/vladsch/flexmark/flexmark-util-html/0.62.2/flexmark-util-html-0.62.2.jar:/home/ramirodifonti/.m2/repository/com/vladsch/flexmark/flexmark-util-visitor/0.62.2/flexmark-util-visitor-0.62.2.jar:/home/ramirodifonti/.m2/repository/com/vladsch/flexmark/flexmark-util-data/0.62.2/flexmark-util-data-0.62.2.jar:/home/ramirodifonti/.m2/repository/com/vladsch/flexmark/flexmark-util-misc/0.62.2/flexmark-util-misc-0.62.2.jar:/home/ramirodifonti/.m2/repository/com/vladsch/flexmark/flexmark-util-sequence/0.62.2/flexmark-util-sequence-0.62.2.jar:/home/ramirodifonti/.m2/repository/com/vladsch/flexmark/flexmark-util-ast/0.62.2/flexmark-util-ast-0.62.2.jar:/home/ramirodifonti/.m2/repository/com/vladsch/flexmark/flexmark-ext-abbreviation/0.62.2/flexmark-ext-abbreviation-0.62.2.jar:/home/ramirodifonti/.m2/repository/com/vladsch/flexmark/flexmark-util/0.62.2/flexmark-util-0.62.2.jar:/home/ramirodifonti/.m2/repository/com/vladsch/flexmark/flexmark-util-options/0.62.2/flexmark-util-options-0.62.2.jar:/home/ramirodifonti/.m2/repository/com/vladsch/flexmark/flexmark-ext-autolink/0.62.2/flexmark-ext-autolink-0.62.2.jar:/home/ramirodifonti/.m2/repository/org/nibor/autolink/autolink/0.6.0/autolink-0.6.0.jar:/home/ramirodifonti/.m2/repository/com/vladsch/flexmark/flexmark-ext-definition/0.62.2/flexmark-ext-definition-0.62.2.jar:/home/ramirodifonti/.m2/repository/com/vladsch/flexmark/flexmark-ext-escaped-character/0.62.2/flexmark-ext-escaped-character-0.62.2.jar:/home/ramirodifonti/.m2/repository/com/vladsch/flexmark/flexmark-ext-gfm-strikethrough/0.62.2/flexmark-ext-gfm-strikethrough-0.62.2.jar:/home/ramirodifonti/.m2/repository/com/vladsch/flexmark/flexmark-ext-tables/0.62.2/flexmark-ext-tables-0.62.2.jar:/home/ramirodifonti/.m2/repository/com/vladsch/flexmark/flexmark-ext-typographic/0.62.2/flexmark-ext-typographic-0.62.2.jar:/home/ramirodifonti/.m2/repository/com/vladsch/flexmark/flexmark-ext-wikilink/0.62.2/flexmark-ext-wikilink-0.62.2.jar:/home/ramirodifonti/.m2/repository/com/vladsch/flexmark/flexmark-ext-yaml-front-matter/0.62.2/flexmark-ext-yaml-front-matter-0.62.2.jar:/home/ramirodifonti/.m2/repository/org/jetbrains/annotations/24.0.1/annotations-24.0.1.jar:/home/ramirodifonti/.m2/repository/org/apache/maven/doxia/doxia-integration-tools/2.0.0-M13/doxia-integration-tools-2.0.0-M13.jar:/home/ramirodifonti/.m2/repository/org/eclipse/jetty/jetty-server/9.4.53.v20231009/jetty-server-9.4.53.v20231009.jar:/home/ramirodifonti/.m2/repository/javax/servlet/javax.servlet-api/3.1.0/javax.servlet-api-3.1.0.jar:/home/ramirodifonti/.m2/repository/org/eclipse/jetty/jetty-io/9.4.53.v20231009/jetty-io-9.4.53.v20231009.jar:/home/ramirodifonti/.m2/repository/org/eclipse/jetty/jetty-http/9.4.53.v20231009/jetty-http-9.4.53.v20231009.jar:/home/ramirodifonti/.m2/repository/org/eclipse/jetty/jetty-servlet/9.4.53.v20231009/jetty-servlet-9.4.53.v20231009.jar:/home/ramirodifonti/.m2/repository/org/eclipse/jetty/jetty-security/9.4.53.v20231009/jetty-security-9.4.53.v20231009.jar:/home/ramirodifonti/.m2/repository/org/eclipse/jetty/jetty-util-ajax/9.4.53.v20231009/jetty-util-ajax-9.4.53.v20231009.jar:/home/ramirodifonti/.m2/repository/org/eclipse/jetty/jetty-webapp/9.4.53.v20231009/jetty-webapp-9.4.53.v20231009.jar:/home/ramirodifonti/.m2/repository/org/eclipse/jetty/jetty-xml/9.4.53.v20231009/jetty-xml-9.4.53.v20231009.jar:/home/ramirodifonti/.m2/repository/org/eclipse/jetty/jetty-util/9.4.53.v20231009/jetty-util-9.4.53.v20231009.jar:/home/ramirodifonti/.m2/repository/com/puppycrawl/tools/checkstyle/10.12.4/checkstyle-10.12.4.jar:/home/ramirodifonti/.m2/repository/info/picocli/picocli/4.7.5/picocli-4.7.5.jar:/home/ramirodifonti/.m2/repository/org/antlr/antlr4-runtime/4.13.1/antlr4-runtime-4.13.1.jar:/home/ramirodifonti/.m2/repository/commons-beanutils/commons-beanutils/1.9.4/commons-beanutils-1.9.4.jar:/home/ramirodifonti/.m2/repository/commons-logging/commons-logging/1.2/commons-logging-1.2.jar:/home/ramirodifonti/.m2/repository/commons-collections/commons-collections/3.2.2/commons-collections-3.2.2.jar:/home/ramirodifonti/.m2/repository/com/google/guava/guava/32.0.1-jre/guava-32.0.1-jre.jar:/home/ramirodifonti/.m2/repository/com/google/guava/failureaccess/1.0.1/failureaccess-1.0.1.jar:/home/ramirodifonti/.m2/repository/com/google/guava/listenablefuture/9999.0-empty-to-avoid-conflict-with-guava/listenablefuture-9999.0-empty-to-avoid-conflict-with-guava.jar:/home/ramirodifonti/.m2/repository/com/google/code/findbugs/jsr305/3.0.2/jsr305-3.0.2.jar:/home/ramirodifonti/.m2/repository/com/google/errorprone/error_prone_annotations/2.18.0/error_prone_annotations-2.18.0.jar:/home/ramirodifonti/.m2/repository/com/google/j2objc/j2objc-annotations/2.8/j2objc-annotations-2.8.jar:/home/ramirodifonti/.m2/repository/org/reflections/reflections/0.10.2/reflections-0.10.2.jar:/home/ramirodifonti/.m2/repository/org/javassist/javassist/3.28.0-GA/javassist-3.28.0-GA.jar:/home/ramirodifonti/.m2/repository/net/sf/saxon/Saxon-HE/12.3/Saxon-HE-12.3.jar:/home/ramirodifonti/.m2/repository/org/xmlresolver/xmlresolver/5.2.0/xmlresolver-5.2.0.jar:/home/ramirodifonti/.m2/repository/org/apache/httpcomponents/client5/httpclient5/5.1.3/httpclient5-5.1.3.jar:/home/ramirodifonti/.m2/repository/org/apache/httpcomponents/core5/httpcore5-h2/5.1.3/httpcore5-h2-5.1.3.jar:/home/ramirodifonti/.m2/repository/commons-codec/commons-codec/1.15/commons-codec-1.15.jar:/home/ramirodifonti/.m2/repository/org/apache/httpcomponents/core5/httpcore5/5.1.3/httpcore5-5.1.3.jar:/home/ramirodifonti/.m2/repository/org/xmlresolver/xmlresolver/5.2.0/xmlresolver-5.2.0-data.jar:/home/ramirodifonti/.m2/repository/org/checkerframework/checker-qual/3.27.0/checker-qual-3.27.0.jar:/home/ramirodifonti/.m2/repository/org/junit/jupiter/junit-jupiter-engine/5.10.1/junit-jupiter-engine-5.10.1.jar:/home/ramirodifonti/.m2/repository/org/junit/platform/junit-platform-engine/1.10.1/junit-platform-engine-1.10.1.jar:/home/ramirodifonti/.m2/repository/org/apiguardian/apiguardian-api/1.1.2/apiguardian-api-1.1.2.jar:/home/ramirodifonti/.m2/repository/org/jacoco/jacoco-maven-plugin/0.8.6/jacoco-maven-plugin-0.8.6.jar:/home/ramirodifonti/.m2/repository/org/apache/maven/maven-plugin-api/3.0/maven-plugin-api-3.0.jar:/home/ramirodifonti/.m2/repository/org/sonatype/sisu/sisu-inject-plexus/1.4.2/sisu-inject-plexus-1.4.2.jar:/home/ramirodifonti/.m2/repository/org/sonatype/sisu/sisu-inject-bean/1.4.2/sisu-inject-bean-1.4.2.jar:/home/ramirodifonti/.m2/repository/org/sonatype/sisu/sisu-guice/2.1.7/sisu-guice-2.1.7-noaop.jar:/home/ramirodifonti/.m2/repository/org/apache/maven/maven-core/3.0/maven-core-3.0.jar:/home/ramirodifonti/.m2/repository/org/apache/maven/maven-repository-metadata/3.0/maven-repository-metadata-3.0.jar:/home/ramirodifonti/.m2/repository/org/apache/maven/maven-model-builder/3.0/maven-model-builder-3.0.jar:/home/ramirodifonti/.m2/repository/org/apache/maven/maven-aether-provider/3.0/maven-aether-provider-3.0.jar:/home/ramirodifonti/.m2/repository/org/sonatype/aether/aether-impl/1.7/aether-impl-1.7.jar:/home/ramirodifonti/.m2/repository/org/sonatype/aether/aether-spi/1.7/aether-spi-1.7.jar:/home/ramirodifonti/.m2/repository/org/sonatype/aether/aether-api/1.7/aether-api-1.7.jar:/home/ramirodifonti/.m2/repository/org/sonatype/aether/aether-util/1.7/aether-util-1.7.jar:/home/ramirodifonti/.m2/repository/org/sonatype/plexus/plexus-sec-dispatcher/1.3/plexus-sec-dispatcher-1.3.jar:/home/ramirodifonti/.m2/repository/org/sonatype/plexus/plexus-cipher/1.4/plexus-cipher-1.4.jar:/home/ramirodifonti/.m2/repository/org/apache/maven/shared/file-management/1.2.1/file-management-1.2.1.jar:/home/ramirodifonti/.m2/repository/org/apache/maven/shared/maven-shared-io/1.1/maven-shared-io-1.1.jar:/home/ramirodifonti/.m2/repository/org/apache/maven/maven-artifact-manager/2.0.2/maven-artifact-manager-2.0.2.jar:/home/ramirodifonti/.m2/repository/org/apache/maven/wagon/wagon-provider-api/1.0-alpha-6/wagon-provider-api-1.0-alpha-6.jar:/home/ramirodifonti/.m2/repository/org/codehaus/plexus/plexus-container-default/1.0-alpha-9/plexus-container-default-1.0-alpha-9.jar:/home/ramirodifonti/.m2/repository/junit/junit/3.8.1/junit-3.8.1.jar:/home/ramirodifonti/.m2/repository/classworlds/classworlds/1.1-alpha-2/classworlds-1.1-alpha-2.jar:/home/ramirodifonti/.m2/repository/org/apache/maven/reporting/maven-reporting-impl/2.1/maven-reporting-impl-2.1.jar:/home/ramirodifonti/.m2/repository/org/apache/maven/maven-project/2.0.10/maven-project-2.0.10.jar:/home/ramirodifonti/.m2/repository/org/apache/maven/maven-profile/2.0.10/maven-profile-2.0.10.jar:/home/ramirodifonti/.m2/repository/org/apache/maven/maven-plugin-registry/2.0.10/maven-plugin-registry-2.0.10.jar:/home/ramirodifonti/.m2/repository/commons-validator/commons-validator/1.2.0/commons-validator-1.2.0.jar:/home/ramirodifonti/.m2/repository/commons-digester/commons-digester/1.6/commons-digester-1.6.jar:/home/ramirodifonti/.m2/repository/oro/oro/2.0.8/oro-2.0.8.jar:/home/ramirodifonti/.m2/repository/xml-apis/xml-apis/1.0.b2/xml-apis-1.0.b2.jar:/home/ramirodifonti/.m2/repository/org/jacoco/org.jacoco.agent/0.8.6/org.jacoco.agent-0.8.6-runtime.jar:/home/ramirodifonti/.m2/repository/org/jacoco/org.jacoco.core/0.8.6/org.jacoco.core-0.8.6.jar:/home/ramirodifonti/.m2/repository/org/ow2/asm/asm/8.0.1/asm-8.0.1.jar:/home/ramirodifonti/.m2/repository/org/ow2/asm/asm-commons/8.0.1/asm-commons-8.0.1.jar:/home/ramirodifonti/.m2/repository/org/ow2/asm/asm-analysis/8.0.1/asm-analysis-8.0.1.jar:/home/ramirodifonti/.m2/repository/org/ow2/asm/asm-tree/8.0.1/asm-tree-8.0.1.jar:/home/ramirodifonti/.m2/repository/org/jacoco/org.jacoco.report/0.8.6/org.jacoco.report-0.8.6.jar:/home/ramirodifonti/.m2/repository/org/junit/jupiter/junit-jupiter-api/5.10.1/junit-jupiter-api-5.10.1.jar:/home/ramirodifonti/.m2/repository/org/opentest4j/opentest4j/1.3.0/opentest4j-1.3.0.jar:/home/ramirodifonti/.m2/repository/org/junit/platform/junit-platform-commons/1.10.1/junit-platform-commons-1.10.1.jar:"/>
    <property name="sun.cpu.endian" value="little"/>
    <property name="user.home" value="/home/ramirodifonti"/>
    <property name="user.language" value="es"/>
    <property name="java.specification.vendor" value="Oracle Corporation"/>
    <property name="java.version.date" value="2023-10-17"/>
    <property name="java.home" value="/usr/lib/jvm/java-11-openjdk-amd64"/>
    <property name="file.separator" value="/"/>
    <property name="basedir" value="/home/ramirodifonti/Escritorio/cuarto/lab/LDH-PrFinal"/>
    <property name="java.vm.compressedOopsMode" value="Zero based"/>
    <property name="line.separator" value="&#10;"/>
    <property name="java.specification.name" value="Java Platform API Specification"/>
    <property name="java.vm.specification.vendor" value="Oracle Corporation"/>
    <property name="java.awt.graphicsenv" value="sun.awt.X11GraphicsEnvironment"/>
    <property name="surefire.real.class.path" value="/home/ramirodifonti/Escritorio/cuarto/lab/LDH-PrFinal/target/surefire/surefirebooter4363782756497636638.jar"/>
    <property name="sun.management.compiler" value="HotSpot 64-Bit Tiered Compilers"/>
    <property name="java.runtime.version" value="11.0.21+9-post-Ubuntu-0ubuntu122.04"/>
    <property name="user.name" value="ramirodifonti"/>
    <property name="path.separator" value=":"/>
    <property name="os.version" value="6.2.0-37-generic"/>
    <property name="java.runtime.name" value="OpenJDK Runtime Environment"/>
    <property name="file.encoding" value="UTF-8"/>
    <property name="java.vm.name" value="OpenJDK 64-Bit Server VM"/>
    <property name="localRepository" value="/home/ramirodifonti/.m2/repository"/>
    <property name="java.vendor.url.bug" value="https://bugs.launchpad.net/ubuntu/+source/openjdk-lts"/>
    <property name="java.io.tmpdir" value="/tmp"/>
    <property name="java.version" value="11.0.21"/>
    <property name="user.dir" value="/home/ramirodifonti/Escritorio/cuarto/lab/LDH-PrFinal"/>
    <property name="os.arch" value="amd64"/>
    <property name="java.vm.specification.name" value="Java Virtual Machine Specification"/>
    <property name="java.awt.printerjob" value="sun.print.PSPrinterJob"/>
    <property name="sun.os.patch.level" value="unknown"/>
    <property name="java.library.path" value="/usr/java/packages/lib:/usr/lib/x86_64-linux-gnu/jni:/lib/x86_64-linux-gnu:/usr/lib/x86_64-linux-gnu:/usr/lib/jni:/lib:/usr/lib"/>
    <property name="java.vm.info" value="mixed mode, sharing"/>
    <property name="java.vendor" value="Ubuntu"/>
    <property name="java.vm.version" value="11.0.21+9-post-Ubuntu-0ubuntu122.04"/>
    <property name="java.specification.maintenance.version" value="2"/>
    <property name="sun.io.unicode.encoding" value="UnicodeLittle"/>
    <property name="java.class.version" value="55.0"/>
  </properties>
  <testcase name="testRun" classname="test.java.MetVNDTest" time="0"/>
</testsuite>