<?xml version="1.0" encoding="UTF-8"?>
<testsuite xmlns:xsi="http://www.w3.org/2001/XMLSchema-instance" xsi:noNamespaceSchemaLocation="https://maven.apache.org/surefire/maven-surefire-plugin/xsd/surefire-test-report.xsd" name="test.java.MetVNDTest" time="0" tests="1" errors="0" skipped="0" failures="0">
  <properties>
    <property name="java.specification.version" value="21"/>
    <property name="sun.cpu.isalist" value="amd64"/>
    <property name="sun.jnu.encoding" value="Cp1252"/>
    <property name="java.class.path" value="C:\Users\Adn\Desktop\Nueva carpeta (2)\LDH-PrFinal\target\test-classes;C:\Users\Adn\Desktop\Nueva carpeta (2)\LDH-PrFinal\target\classes;C:\Users\Adn\.m2\repository\net\sourceforge\jexcelapi\jxl\2.6.12\jxl-2.6.12.jar;C:\Users\Adn\.m2\repository\log4j\log4j\1.2.14\log4j-1.2.14.jar;C:\Users\Adn\.m2\repository\org\apache\maven\doxia\doxia-site-renderer\2.0.0-M16\doxia-site-renderer-2.0.0-M16.jar;C:\Users\Adn\.m2\repository\org\apache\maven\maven-artifact\3.2.5\maven-artifact-3.2.5.jar;C:\Users\Adn\.m2\repository\org\slf4j\slf4j-api\1.7.36\slf4j-api-1.7.36.jar;C:\Users\Adn\.m2\repository\javax\inject\javax.inject\1\javax.inject-1.jar;C:\Users\Adn\.m2\repository\org\apache\maven\doxia\doxia-core\2.0.0-M8\doxia-core-2.0.0-M8.jar;C:\Users\Adn\.m2\repository\commons-io\commons-io\2.11.0\commons-io-2.11.0.jar;C:\Users\Adn\.m2\repository\org\apache\commons\commons-text\1.10.0\commons-text-1.10.0.jar;C:\Users\Adn\.m2\repository\org\apache\maven\doxia\doxia-sink-api\2.0.0-M8\doxia-sink-api-2.0.0-M8.jar;C:\Users\Adn\.m2\repository\org\apache\maven\doxia\doxia-site-model\2.0.0-M16\doxia-site-model-2.0.0-M16.jar;C:\Users\Adn\.m2\repository\org\apache\maven\doxia\doxia-skin-model\2.0.0-M16\doxia-skin-model-2.0.0-M16.jar;C:\Users\Adn\.m2\repository\org\apache\maven\doxia\doxia-module-xhtml5\2.0.0-M8\doxia-module-xhtml5-2.0.0-M8.jar;C:\Users\Adn\.m2\repository\org\eclipse\sisu\org.eclipse.sisu.plexus\0.9.0.M2\org.eclipse.sisu.plexus-0.9.0.M2.jar;C:\Users\Adn\.m2\repository\javax\annotation\javax.annotation-api\1.2\javax.annotation-api-1.2.jar;C:\Users\Adn\.m2\repository\javax\enterprise\cdi-api\1.2\cdi-api-1.2.jar;C:\Users\Adn\.m2\repository\org\eclipse\sisu\org.eclipse.sisu.inject\0.9.0.M2\org.eclipse.sisu.inject-0.9.0.M2.jar;C:\Users\Adn\.m2\repository\org\codehaus\plexus\plexus-component-annotations\2.1.0\plexus-component-annotations-2.1.0.jar;C:\Users\Adn\.m2\repository\org\codehaus\plexus\plexus-classworlds\2.6.0\plexus-classworlds-2.6.0.jar;C:\Users\Adn\.m2\repository\org\codehaus\plexus\plexus-velocity\2.0\plexus-velocity-2.0.jar;C:\Users\Adn\.m2\repository\org\codehaus\plexus\plexus-utils\4.0.0\plexus-utils-4.0.0.jar;C:\Users\Adn\.m2\repository\org\apache\velocity\velocity-engine-core\2.3\velocity-engine-core-2.3.jar;C:\Users\Adn\.m2\repository\org\apache\velocity\tools\velocity-tools-generic\3.1\velocity-tools-generic-3.1.jar;C:\Users\Adn\.m2\repository\commons-beanutils\commons-beanutils\1.9.4\commons-beanutils-1.9.4.jar;C:\Users\Adn\.m2\repository\commons-logging\commons-logging\1.2\commons-logging-1.2.jar;C:\Users\Adn\.m2\repository\commons-collections\commons-collections\3.2.2\commons-collections-3.2.2.jar;C:\Users\Adn\.m2\repository\org\apache\commons\commons-digester3\3.2\commons-digester3-3.2.jar;C:\Users\Adn\.m2\repository\com\github\cliftonlabs\json-simple\3.0.2\json-simple-3.0.2.jar;C:\Users\Adn\.m2\repository\org\apache\commons\commons-lang3\3.12.0\commons-lang3-3.12.0.jar;C:\Users\Adn\.m2\repository\org\apache\maven\plugins\maven-site-plugin\4.0.0-M12\maven-site-plugin-4.0.0-M12.jar;C:\Users\Adn\.m2\repository\org\apache\maven\reporting\maven-reporting-api\4.0.0-M9\maven-reporting-api-4.0.0-M9.jar;C:\Users\Adn\.m2\repository\org\apache\maven\reporting\maven-reporting-exec\2.0.0-M12\maven-reporting-exec-2.0.0-M12.jar;C:\Users\Adn\.m2\repository\org\apache\maven\maven-core\3.2.5\maven-core-3.2.5.jar;C:\Users\Adn\.m2\repository\org\apache\maven\maven-repository-metadata\3.2.5\maven-repository-metadata-3.2.5.jar;C:\Users\Adn\.m2\repository\org\apache\maven\maven-model-builder\3.2.5\maven-model-builder-3.2.5.jar;C:\Users\Adn\.m2\repository\org\apache\maven\maven-aether-provider\3.2.5\maven-aether-provider-3.2.5.jar;C:\Users\Adn\.m2\repository\org\eclipse\aether\aether-spi\1.0.0.v20140518\aether-spi-1.0.0.v20140518.jar;C:\Users\Adn\.m2\repository\org\eclipse\aether\aether-impl\1.0.0.v20140518\aether-impl-1.0.0.v20140518.jar;C:\Users\Adn\.m2\repository\org\sonatype\sisu\sisu-guice\3.2.3\sisu-guice-3.2.3-no_aop.jar;C:\Users\Adn\.m2\repository\aopalliance\aopalliance\1.0\aopalliance-1.0.jar;C:\Users\Adn\.m2\repository\com\google\guava\guava\16.0.1\guava-16.0.1.jar;C:\Users\Adn\.m2\repository\org\sonatype\plexus\plexus-sec-dispatcher\1.3\plexus-sec-dispatcher-1.3.jar;C:\Users\Adn\.m2\repository\org\sonatype\plexus\plexus-cipher\1.4\plexus-cipher-1.4.jar;C:\Users\Adn\.m2\repository\org\apache\maven\maven-model\3.2.5\maven-model-3.2.5.jar;C:\Users\Adn\.m2\repository\org\apache\maven\maven-plugin-api\3.2.5\maven-plugin-api-3.2.5.jar;C:\Users\Adn\.m2\repository\org\apache\maven\maven-settings\3.2.5\maven-settings-3.2.5.jar;C:\Users\Adn\.m2\repository\org\apache\maven\maven-settings-builder\3.2.5\maven-settings-builder-3.2.5.jar;C:\Users\Adn\.m2\repository\org\eclipse\aether\aether-api\1.0.0.v20140518\aether-api-1.0.0.v20140518.jar;C:\Users\Adn\.m2\repository\org\eclipse\aether\aether-util\1.0.0.v20140518\aether-util-1.0.0.v20140518.jar;C:\Users\Adn\.m2\repository\org\apache\maven\shared\maven-shared-utils\3.4.2\maven-shared-utils-3.4.2.jar;C:\Users\Adn\.m2\repository\org\apache\maven\maven-archiver\3.6.1\maven-archiver-3.6.1.jar;C:\Users\Adn\.m2\repository\org\codehaus\plexus\plexus-interpolation\1.26\plexus-interpolation-1.26.jar;C:\Users\Adn\.m2\repository\org\codehaus\plexus\plexus-archiver\4.9.0\plexus-archiver-4.9.0.jar;C:\Users\Adn\.m2\repository\org\codehaus\plexus\plexus-io\3.4.1\plexus-io-3.4.1.jar;C:\Users\Adn\.m2\repository\org\apache\commons\commons-compress\1.24.0\commons-compress-1.24.0.jar;C:\Users\Adn\.m2\repository\org\iq80\snappy\snappy\0.4\snappy-0.4.jar;C:\Users\Adn\.m2\repository\org\tukaani\xz\1.9\xz-1.9.jar;C:\Users\Adn\.m2\repository\com\github\luben\zstd-jni\1.5.5-10\zstd-jni-1.5.5-10.jar;C:\Users\Adn\.m2\repository\org\codehaus\plexus\plexus-i18n\1.0-beta-10\plexus-i18n-1.0-beta-10.jar;C:\Users\Adn\.m2\repository\org\codehaus\plexus\plexus-xml\3.0.0\plexus-xml-3.0.0.jar;C:\Users\Adn\.m2\repository\org\apache\maven\doxia\doxia-module-apt\2.0.0-M8\doxia-module-apt-2.0.0-M8.jar;C:\Users\Adn\.m2\repository\org\apache\maven\doxia\doxia-module-xdoc\2.0.0-M8\doxia-module-xdoc-2.0.0-M8.jar;C:\Users\Adn\.m2\repository\org\apache\maven\doxia\doxia-module-fml\2.0.0-M8\doxia-module-fml-2.0.0-M8.jar;C:\Users\Adn\.m2\repository\org\apache\maven\doxia\doxia-module-markdown\2.0.0-M8\doxia-module-markdown-2.0.0-M8.jar;C:\Users\Adn\.m2\repository\com\vladsch\flexmark\flexmark\0.62.2\flexmark-0.62.2.jar;C:\Users\Adn\.m2\repository\com\vladsch\flexmark\flexmark-util-builder\0.62.2\flexmark-util-builder-0.62.2.jar;C:\Users\Adn\.m2\repository\com\vladsch\flexmark\flexmark-util-collection\0.62.2\flexmark-util-collection-0.62.2.jar;C:\Users\Adn\.m2\repository\com\vladsch\flexmark\flexmark-util-dependency\0.62.2\flexmark-util-dependency-0.62.2.jar;C:\Users\Adn\.m2\repository\com\vladsch\flexmark\flexmark-util-format\0.62.2\flexmark-util-format-0.62.2.jar;C:\Users\Adn\.m2\repository\com\vladsch\flexmark\flexmark-util-html\0.62.2\flexmark-util-html-0.62.2.jar;C:\Users\Adn\.m2\repository\com\vladsch\flexmark\flexmark-util-visitor\0.62.2\flexmark-util-visitor-0.62.2.jar;C:\Users\Adn\.m2\repository\com\vladsch\flexmark\flexmark-util-data\0.62.2\flexmark-util-data-0.62.2.jar;C:\Users\Adn\.m2\repository\com\vladsch\flexmark\flexmark-util-misc\0.62.2\flexmark-util-misc-0.62.2.jar;C:\Users\Adn\.m2\repository\com\vladsch\flexmark\flexmark-util-sequence\0.62.2\flexmark-util-sequence-0.62.2.jar;C:\Users\Adn\.m2\repository\com\vladsch\flexmark\flexmark-util-ast\0.62.2\flexmark-util-ast-0.62.2.jar;C:\Users\Adn\.m2\repository\com\vladsch\flexmark\flexmark-ext-abbreviation\0.62.2\flexmark-ext-abbreviation-0.62.2.jar;C:\Users\Adn\.m2\repository\com\vladsch\flexmark\flexmark-util\0.62.2\flexmark-util-0.62.2.jar;C:\Users\Adn\.m2\repository\com\vladsch\flexmark\flexmark-util-options\0.62.2\flexmark-util-options-0.62.2.jar;C:\Users\Adn\.m2\repository\com\vladsch\flexmark\flexmark-ext-autolink\0.62.2\flexmark-ext-autolink-0.62.2.jar;C:\Users\Adn\.m2\repository\org\nibor\autolink\autolink\0.6.0\autolink-0.6.0.jar;C:\Users\Adn\.m2\repository\com\vladsch\flexmark\flexmark-ext-definition\0.62.2\flexmark-ext-definition-0.62.2.jar;C:\Users\Adn\.m2\repository\com\vladsch\flexmark\flexmark-ext-escaped-character\0.62.2\flexmark-ext-escaped-character-0.62.2.jar;C:\Users\Adn\.m2\repository\com\vladsch\flexmark\flexmark-ext-gfm-strikethrough\0.62.2\flexmark-ext-gfm-strikethrough-0.62.2.jar;C:\Users\Adn\.m2\repository\com\vladsch\flexmark\flexmark-ext-tables\0.62.2\flexmark-ext-tables-0.62.2.jar;C:\Users\Adn\.m2\repository\com\vladsch\flexmark\flexmark-ext-typographic\0.62.2\flexmark-ext-typographic-0.62.2.jar;C:\Users\Adn\.m2\repository\com\vladsch\flexmark\flexmark-ext-wikilink\0.62.2\flexmark-ext-wikilink-0.62.2.jar;C:\Users\Adn\.m2\repository\com\vladsch\flexmark\flexmark-ext-yaml-front-matter\0.62.2\flexmark-ext-yaml-front-matter-0.62.2.jar;C:\Users\Adn\.m2\repository\org\jetbrains\annotations\24.0.1\annotations-24.0.1.jar;C:\Users\Adn\.m2\repository\org\apache\maven\doxia\doxia-integration-tools\2.0.0-M16\doxia-integration-tools-2.0.0-M16.jar;C:\Users\Adn\.m2\repository\org\eclipse\jetty\jetty-server\9.4.53.v20231009\jetty-server-9.4.53.v20231009.jar;C:\Users\Adn\.m2\repository\javax\servlet\javax.servlet-api\3.1.0\javax.servlet-api-3.1.0.jar;C:\Users\Adn\.m2\repository\org\eclipse\jetty\jetty-io\9.4.53.v20231009\jetty-io-9.4.53.v20231009.jar;C:\Users\Adn\.m2\repository\org\eclipse\jetty\jetty-http\9.4.53.v20231009\jetty-http-9.4.53.v20231009.jar;C:\Users\Adn\.m2\repository\org\eclipse\jetty\jetty-servlet\9.4.53.v20231009\jetty-servlet-9.4.53.v20231009.jar;C:\Users\Adn\.m2\repository\org\eclipse\jetty\jetty-security\9.4.53.v20231009\jetty-security-9.4.53.v20231009.jar;C:\Users\Adn\.m2\repository\org\eclipse\jetty\jetty-util-ajax\9.4.53.v20231009\jetty-util-ajax-9.4.53.v20231009.jar;C:\Users\Adn\.m2\repository\org\eclipse\jetty\jetty-webapp\9.4.53.v20231009\jetty-webapp-9.4.53.v20231009.jar;C:\Users\Adn\.m2\repository\org\eclipse\jetty\jetty-xml\9.4.53.v20231009\jetty-xml-9.4.53.v20231009.jar;C:\Users\Adn\.m2\repository\org\eclipse\jetty\jetty-util\9.4.53.v20231009\jetty-util-9.4.53.v20231009.jar;C:\Users\Adn\.m2\repository\org\junit\jupiter\junit-jupiter-engine\5.10.1\junit-jupiter-engine-5.10.1.jar;C:\Users\Adn\.m2\repository\org\junit\platform\junit-platform-engine\1.10.1\junit-platform-engine-1.10.1.jar;C:\Users\Adn\.m2\repository\org\apiguardian\apiguardian-api\1.1.2\apiguardian-api-1.1.2.jar;C:\Users\Adn\.m2\repository\org\jacoco\jacoco-maven-plugin\0.8.11\jacoco-maven-plugin-0.8.11.jar;C:\Users\Adn\.m2\repository\org\apache\maven\shared\file-management\3.1.0\file-management-3.1.0.jar;C:\Users\Adn\.m2\repository\org\jacoco\org.jacoco.agent\0.8.11\org.jacoco.agent-0.8.11-runtime.jar;C:\Users\Adn\.m2\repository\org\jacoco\org.jacoco.core\0.8.11\org.jacoco.core-0.8.11.jar;C:\Users\Adn\.m2\repository\org\ow2\asm\asm\9.6\asm-9.6.jar;C:\Users\Adn\.m2\repository\org\ow2\asm\asm-commons\9.6\asm-commons-9.6.jar;C:\Users\Adn\.m2\repository\org\ow2\asm\asm-tree\9.6\asm-tree-9.6.jar;C:\Users\Adn\.m2\repository\org\jacoco\org.jacoco.report\0.8.11\org.jacoco.report-0.8.11.jar;C:\Users\Adn\.m2\repository\org\junit\jupiter\junit-jupiter-api\5.10.1\junit-jupiter-api-5.10.1.jar;C:\Users\Adn\.m2\repository\org\opentest4j\opentest4j\1.3.0\opentest4j-1.3.0.jar;C:\Users\Adn\.m2\repository\org\junit\platform\junit-platform-commons\1.10.1\junit-platform-commons-1.10.1.jar;"/>
    <property name="java.vm.vendor" value="Oracle Corporation"/>
    <property name="sun.arch.data.model" value="64"/>
    <property name="user.variant" value=""/>
    <property name="java.vendor.url" value="https://java.oracle.com/"/>
    <property name="user.timezone" value="Europe/London"/>
    <property name="os.name" value="Windows 10"/>
    <property name="java.vm.specification.version" value="21"/>
    <property name="sun.java.launcher" value="SUN_STANDARD"/>
    <property name="user.country" value="ES"/>
    <property name="sun.boot.library.path" value="C:\Program Files\Java\jdk-21\bin"/>
    <property name="sun.java.command" value="C:\Users\Adn\AppData\Local\Temp\surefire14104135182723980724\surefirebooter2301766054827766243.jar C:\Users\Adn\AppData\Local\Temp\surefire14104135182723980724 2023-12-05T23-48-13_634-jvmRun1 surefire8870506837552687486tmp surefire_08243378671730601176tmp"/>
    <property name="jdk.debug" value="release"/>
    <property name="surefire.test.class.path" value="C:\Users\Adn\Desktop\Nueva carpeta (2)\LDH-PrFinal\target\test-classes;C:\Users\Adn\Desktop\Nueva carpeta (2)\LDH-PrFinal\target\classes;C:\Users\Adn\.m2\repository\net\sourceforge\jexcelapi\jxl\2.6.12\jxl-2.6.12.jar;C:\Users\Adn\.m2\repository\log4j\log4j\1.2.14\log4j-1.2.14.jar;C:\Users\Adn\.m2\repository\org\apache\maven\doxia\doxia-site-renderer\2.0.0-M16\doxia-site-renderer-2.0.0-M16.jar;C:\Users\Adn\.m2\repository\org\apache\maven\maven-artifact\3.2.5\maven-artifact-3.2.5.jar;C:\Users\Adn\.m2\repository\org\slf4j\slf4j-api\1.7.36\slf4j-api-1.7.36.jar;C:\Users\Adn\.m2\repository\javax\inject\javax.inject\1\javax.inject-1.jar;C:\Users\Adn\.m2\repository\org\apache\maven\doxia\doxia-core\2.0.0-M8\doxia-core-2.0.0-M8.jar;C:\Users\Adn\.m2\repository\commons-io\commons-io\2.11.0\commons-io-2.11.0.jar;C:\Users\Adn\.m2\repository\org\apache\commons\commons-text\1.10.0\commons-text-1.10.0.jar;C:\Users\Adn\.m2\repository\org\apache\maven\doxia\doxia-sink-api\2.0.0-M8\doxia-sink-api-2.0.0-M8.jar;C:\Users\Adn\.m2\repository\org\apache\maven\doxia\doxia-site-model\2.0.0-M16\doxia-site-model-2.0.0-M16.jar;C:\Users\Adn\.m2\repository\org\apache\maven\doxia\doxia-skin-model\2.0.0-M16\doxia-skin-model-2.0.0-M16.jar;C:\Users\Adn\.m2\repository\org\apache\maven\doxia\doxia-module-xhtml5\2.0.0-M8\doxia-module-xhtml5-2.0.0-M8.jar;C:\Users\Adn\.m2\repository\org\eclipse\sisu\org.eclipse.sisu.plexus\0.9.0.M2\org.eclipse.sisu.plexus-0.9.0.M2.jar;C:\Users\Adn\.m2\repository\javax\annotation\javax.annotation-api\1.2\javax.annotation-api-1.2.jar;C:\Users\Adn\.m2\repository\javax\enterprise\cdi-api\1.2\cdi-api-1.2.jar;C:\Users\Adn\.m2\repository\org\eclipse\sisu\org.eclipse.sisu.inject\0.9.0.M2\org.eclipse.sisu.inject-0.9.0.M2.jar;C:\Users\Adn\.m2\repository\org\codehaus\plexus\plexus-component-annotations\2.1.0\plexus-component-annotations-2.1.0.jar;C:\Users\Adn\.m2\repository\org\codehaus\plexus\plexus-classworlds\2.6.0\plexus-classworlds-2.6.0.jar;C:\Users\Adn\.m2\repository\org\codehaus\plexus\plexus-velocity\2.0\plexus-velocity-2.0.jar;C:\Users\Adn\.m2\repository\org\codehaus\plexus\plexus-utils\4.0.0\plexus-utils-4.0.0.jar;C:\Users\Adn\.m2\repository\org\apache\velocity\velocity-engine-core\2.3\velocity-engine-core-2.3.jar;C:\Users\Adn\.m2\repository\org\apache\velocity\tools\velocity-tools-generic\3.1\velocity-tools-generic-3.1.jar;C:\Users\Adn\.m2\repository\commons-beanutils\commons-beanutils\1.9.4\commons-beanutils-1.9.4.jar;C:\Users\Adn\.m2\repository\commons-logging\commons-logging\1.2\commons-logging-1.2.jar;C:\Users\Adn\.m2\repository\commons-collections\commons-collections\3.2.2\commons-collections-3.2.2.jar;C:\Users\Adn\.m2\repository\org\apache\commons\commons-digester3\3.2\commons-digester3-3.2.jar;C:\Users\Adn\.m2\repository\com\github\cliftonlabs\json-simple\3.0.2\json-simple-3.0.2.jar;C:\Users\Adn\.m2\repository\org\apache\commons\commons-lang3\3.12.0\commons-lang3-3.12.0.jar;C:\Users\Adn\.m2\repository\org\apache\maven\plugins\maven-site-plugin\4.0.0-M12\maven-site-plugin-4.0.0-M12.jar;C:\Users\Adn\.m2\repository\org\apache\maven\reporting\maven-reporting-api\4.0.0-M9\maven-reporting-api-4.0.0-M9.jar;C:\Users\Adn\.m2\repository\org\apache\maven\reporting\maven-reporting-exec\2.0.0-M12\maven-reporting-exec-2.0.0-M12.jar;C:\Users\Adn\.m2\repository\org\apache\maven\maven-core\3.2.5\maven-core-3.2.5.jar;C:\Users\Adn\.m2\repository\org\apache\maven\maven-repository-metadata\3.2.5\maven-repository-metadata-3.2.5.jar;C:\Users\Adn\.m2\repository\org\apache\maven\maven-model-builder\3.2.5\maven-model-builder-3.2.5.jar;C:\Users\Adn\.m2\repository\org\apache\maven\maven-aether-provider\3.2.5\maven-aether-provider-3.2.5.jar;C:\Users\Adn\.m2\repository\org\eclipse\aether\aether-spi\1.0.0.v20140518\aether-spi-1.0.0.v20140518.jar;C:\Users\Adn\.m2\repository\org\eclipse\aether\aether-impl\1.0.0.v20140518\aether-impl-1.0.0.v20140518.jar;C:\Users\Adn\.m2\repository\org\sonatype\sisu\sisu-guice\3.2.3\sisu-guice-3.2.3-no_aop.jar;C:\Users\Adn\.m2\repository\aopalliance\aopalliance\1.0\aopalliance-1.0.jar;C:\Users\Adn\.m2\repository\com\google\guava\guava\16.0.1\guava-16.0.1.jar;C:\Users\Adn\.m2\repository\org\sonatype\plexus\plexus-sec-dispatcher\1.3\plexus-sec-dispatcher-1.3.jar;C:\Users\Adn\.m2\repository\org\sonatype\plexus\plexus-cipher\1.4\plexus-cipher-1.4.jar;C:\Users\Adn\.m2\repository\org\apache\maven\maven-model\3.2.5\maven-model-3.2.5.jar;C:\Users\Adn\.m2\repository\org\apache\maven\maven-plugin-api\3.2.5\maven-plugin-api-3.2.5.jar;C:\Users\Adn\.m2\repository\org\apache\maven\maven-settings\3.2.5\maven-settings-3.2.5.jar;C:\Users\Adn\.m2\repository\org\apache\maven\maven-settings-builder\3.2.5\maven-settings-builder-3.2.5.jar;C:\Users\Adn\.m2\repository\org\eclipse\aether\aether-api\1.0.0.v20140518\aether-api-1.0.0.v20140518.jar;C:\Users\Adn\.m2\repository\org\eclipse\aether\aether-util\1.0.0.v20140518\aether-util-1.0.0.v20140518.jar;C:\Users\Adn\.m2\repository\org\apache\maven\shared\maven-shared-utils\3.4.2\maven-shared-utils-3.4.2.jar;C:\Users\Adn\.m2\repository\org\apache\maven\maven-archiver\3.6.1\maven-archiver-3.6.1.jar;C:\Users\Adn\.m2\repository\org\codehaus\plexus\plexus-interpolation\1.26\plexus-interpolation-1.26.jar;C:\Users\Adn\.m2\repository\org\codehaus\plexus\plexus-archiver\4.9.0\plexus-archiver-4.9.0.jar;C:\Users\Adn\.m2\repository\org\codehaus\plexus\plexus-io\3.4.1\plexus-io-3.4.1.jar;C:\Users\Adn\.m2\repository\org\apache\commons\commons-compress\1.24.0\commons-compress-1.24.0.jar;C:\Users\Adn\.m2\repository\org\iq80\snappy\snappy\0.4\snappy-0.4.jar;C:\Users\Adn\.m2\repository\org\tukaani\xz\1.9\xz-1.9.jar;C:\Users\Adn\.m2\repository\com\github\luben\zstd-jni\1.5.5-10\zstd-jni-1.5.5-10.jar;C:\Users\Adn\.m2\repository\org\codehaus\plexus\plexus-i18n\1.0-beta-10\plexus-i18n-1.0-beta-10.jar;C:\Users\Adn\.m2\repository\org\codehaus\plexus\plexus-xml\3.0.0\plexus-xml-3.0.0.jar;C:\Users\Adn\.m2\repository\org\apache\maven\doxia\doxia-module-apt\2.0.0-M8\doxia-module-apt-2.0.0-M8.jar;C:\Users\Adn\.m2\repository\org\apache\maven\doxia\doxia-module-xdoc\2.0.0-M8\doxia-module-xdoc-2.0.0-M8.jar;C:\Users\Adn\.m2\repository\org\apache\maven\doxia\doxia-module-fml\2.0.0-M8\doxia-module-fml-2.0.0-M8.jar;C:\Users\Adn\.m2\repository\org\apache\maven\doxia\doxia-module-markdown\2.0.0-M8\doxia-module-markdown-2.0.0-M8.jar;C:\Users\Adn\.m2\repository\com\vladsch\flexmark\flexmark\0.62.2\flexmark-0.62.2.jar;C:\Users\Adn\.m2\repository\com\vladsch\flexmark\flexmark-util-builder\0.62.2\flexmark-util-builder-0.62.2.jar;C:\Users\Adn\.m2\repository\com\vladsch\flexmark\flexmark-util-collection\0.62.2\flexmark-util-collection-0.62.2.jar;C:\Users\Adn\.m2\repository\com\vladsch\flexmark\flexmark-util-dependency\0.62.2\flexmark-util-dependency-0.62.2.jar;C:\Users\Adn\.m2\repository\com\vladsch\flexmark\flexmark-util-format\0.62.2\flexmark-util-format-0.62.2.jar;C:\Users\Adn\.m2\repository\com\vladsch\flexmark\flexmark-util-html\0.62.2\flexmark-util-html-0.62.2.jar;C:\Users\Adn\.m2\repository\com\vladsch\flexmark\flexmark-util-visitor\0.62.2\flexmark-util-visitor-0.62.2.jar;C:\Users\Adn\.m2\repository\com\vladsch\flexmark\flexmark-util-data\0.62.2\flexmark-util-data-0.62.2.jar;C:\Users\Adn\.m2\repository\com\vladsch\flexmark\flexmark-util-misc\0.62.2\flexmark-util-misc-0.62.2.jar;C:\Users\Adn\.m2\repository\com\vladsch\flexmark\flexmark-util-sequence\0.62.2\flexmark-util-sequence-0.62.2.jar;C:\Users\Adn\.m2\repository\com\vladsch\flexmark\flexmark-util-ast\0.62.2\flexmark-util-ast-0.62.2.jar;C:\Users\Adn\.m2\repository\com\vladsch\flexmark\flexmark-ext-abbreviation\0.62.2\flexmark-ext-abbreviation-0.62.2.jar;C:\Users\Adn\.m2\repository\com\vladsch\flexmark\flexmark-util\0.62.2\flexmark-util-0.62.2.jar;C:\Users\Adn\.m2\repository\com\vladsch\flexmark\flexmark-util-options\0.62.2\flexmark-util-options-0.62.2.jar;C:\Users\Adn\.m2\repository\com\vladsch\flexmark\flexmark-ext-autolink\0.62.2\flexmark-ext-autolink-0.62.2.jar;C:\Users\Adn\.m2\repository\org\nibor\autolink\autolink\0.6.0\autolink-0.6.0.jar;C:\Users\Adn\.m2\repository\com\vladsch\flexmark\flexmark-ext-definition\0.62.2\flexmark-ext-definition-0.62.2.jar;C:\Users\Adn\.m2\repository\com\vladsch\flexmark\flexmark-ext-escaped-character\0.62.2\flexmark-ext-escaped-character-0.62.2.jar;C:\Users\Adn\.m2\repository\com\vladsch\flexmark\flexmark-ext-gfm-strikethrough\0.62.2\flexmark-ext-gfm-strikethrough-0.62.2.jar;C:\Users\Adn\.m2\repository\com\vladsch\flexmark\flexmark-ext-tables\0.62.2\flexmark-ext-tables-0.62.2.jar;C:\Users\Adn\.m2\repository\com\vladsch\flexmark\flexmark-ext-typographic\0.62.2\flexmark-ext-typographic-0.62.2.jar;C:\Users\Adn\.m2\repository\com\vladsch\flexmark\flexmark-ext-wikilink\0.62.2\flexmark-ext-wikilink-0.62.2.jar;C:\Users\Adn\.m2\repository\com\vladsch\flexmark\flexmark-ext-yaml-front-matter\0.62.2\flexmark-ext-yaml-front-matter-0.62.2.jar;C:\Users\Adn\.m2\repository\org\jetbrains\annotations\24.0.1\annotations-24.0.1.jar;C:\Users\Adn\.m2\repository\org\apache\maven\doxia\doxia-integration-tools\2.0.0-M16\doxia-integration-tools-2.0.0-M16.jar;C:\Users\Adn\.m2\repository\org\eclipse\jetty\jetty-server\9.4.53.v20231009\jetty-server-9.4.53.v20231009.jar;C:\Users\Adn\.m2\repository\javax\servlet\javax.servlet-api\3.1.0\javax.servlet-api-3.1.0.jar;C:\Users\Adn\.m2\repository\org\eclipse\jetty\jetty-io\9.4.53.v20231009\jetty-io-9.4.53.v20231009.jar;C:\Users\Adn\.m2\repository\org\eclipse\jetty\jetty-http\9.4.53.v20231009\jetty-http-9.4.53.v20231009.jar;C:\Users\Adn\.m2\repository\org\eclipse\jetty\jetty-servlet\9.4.53.v20231009\jetty-servlet-9.4.53.v20231009.jar;C:\Users\Adn\.m2\repository\org\eclipse\jetty\jetty-security\9.4.53.v20231009\jetty-security-9.4.53.v20231009.jar;C:\Users\Adn\.m2\repository\org\eclipse\jetty\jetty-util-ajax\9.4.53.v20231009\jetty-util-ajax-9.4.53.v20231009.jar;C:\Users\Adn\.m2\repository\org\eclipse\jetty\jetty-webapp\9.4.53.v20231009\jetty-webapp-9.4.53.v20231009.jar;C:\Users\Adn\.m2\repository\org\eclipse\jetty\jetty-xml\9.4.53.v20231009\jetty-xml-9.4.53.v20231009.jar;C:\Users\Adn\.m2\repository\org\eclipse\jetty\jetty-util\9.4.53.v20231009\jetty-util-9.4.53.v20231009.jar;C:\Users\Adn\.m2\repository\org\junit\jupiter\junit-jupiter-engine\5.10.1\junit-jupiter-engine-5.10.1.jar;C:\Users\Adn\.m2\repository\org\junit\platform\junit-platform-engine\1.10.1\junit-platform-engine-1.10.1.jar;C:\Users\Adn\.m2\repository\org\apiguardian\apiguardian-api\1.1.2\apiguardian-api-1.1.2.jar;C:\Users\Adn\.m2\repository\org\jacoco\jacoco-maven-plugin\0.8.11\jacoco-maven-plugin-0.8.11.jar;C:\Users\Adn\.m2\repository\org\apache\maven\shared\file-management\3.1.0\file-management-3.1.0.jar;C:\Users\Adn\.m2\repository\org\jacoco\org.jacoco.agent\0.8.11\org.jacoco.agent-0.8.11-runtime.jar;C:\Users\Adn\.m2\repository\org\jacoco\org.jacoco.core\0.8.11\org.jacoco.core-0.8.11.jar;C:\Users\Adn\.m2\repository\org\ow2\asm\asm\9.6\asm-9.6.jar;C:\Users\Adn\.m2\repository\org\ow2\asm\asm-commons\9.6\asm-commons-9.6.jar;C:\Users\Adn\.m2\repository\org\ow2\asm\asm-tree\9.6\asm-tree-9.6.jar;C:\Users\Adn\.m2\repository\org\jacoco\org.jacoco.report\0.8.11\org.jacoco.report-0.8.11.jar;C:\Users\Adn\.m2\repository\org\junit\jupiter\junit-jupiter-api\5.10.1\junit-jupiter-api-5.10.1.jar;C:\Users\Adn\.m2\repository\org\opentest4j\opentest4j\1.3.0\opentest4j-1.3.0.jar;C:\Users\Adn\.m2\repository\org\junit\platform\junit-platform-commons\1.10.1\junit-platform-commons-1.10.1.jar;"/>
    <property name="sun.cpu.endian" value="little"/>
    <property name="user.home" value="C:\Users\Adn"/>
    <property name="user.language" value="es"/>
    <property name="java.specification.vendor" value="Oracle Corporation"/>
    <property name="java.version.date" value="2023-10-17"/>
    <property name="java.home" value="C:\Program Files\Java\jdk-21"/>
    <property name="file.separator" value="\"/>
    <property name="basedir" value="C:\Users\Adn\Desktop\Nueva carpeta (2)\LDH-PrFinal"/>
    <property name="java.vm.compressedOopsMode" value="Zero based"/>
    <property name="line.separator" value="&#10;"/>
    <property name="java.vm.specification.vendor" value="Oracle Corporation"/>
    <property name="java.specification.name" value="Java Platform API Specification"/>
    <property name="surefire.real.class.path" value="C:\Users\Adn\AppData\Local\Temp\surefire14104135182723980724\surefirebooter2301766054827766243.jar"/>
    <property name="user.script" value=""/>
    <property name="sun.management.compiler" value="HotSpot 64-Bit Tiered Compilers"/>
    <property name="java.runtime.version" value="21.0.1+12-LTS-29"/>
    <property name="user.name" value="Adn"/>
    <property name="stdout.encoding" value="Cp1252"/>
    <property name="path.separator" value=";"/>
    <property name="os.version" value="10.0"/>
    <property name="java.runtime.name" value="Java(TM) SE Runtime Environment"/>
    <property name="file.encoding" value="UTF-8"/>
    <property name="java.vm.name" value="Java HotSpot(TM) 64-Bit Server VM"/>
    <property name="localRepository" value="C:\Users\Adn\.m2\repository"/>
    <property name="java.vendor.url.bug" value="https://bugreport.java.com/bugreport/"/>
    <property name="java.io.tmpdir" value="C:\Users\Adn\AppData\Local\Temp\"/>
    <property name="java.version" value="21.0.1"/>
    <property name="user.dir" value="C:\Users\Adn\Desktop\Nueva carpeta (2)\LDH-PrFinal"/>
    <property name="os.arch" value="amd64"/>
    <property name="java.vm.specification.name" value="Java Virtual Machine Specification"/>
    <property name="sun.os.patch.level" value=""/>
    <property name="native.encoding" value="Cp1252"/>
    <property name="java.library.path" value="C:\Program Files\Java\jdk-21\bin;C:\WINDOWS\Sun\Java\bin;C:\WINDOWS\system32;C:\WINDOWS;C:\Program Files (x86)\Razer Chroma SDK\bin;C:\Program Files\Razer Chroma SDK\bin;C:\Program Files\Common Files\Oracle\Java\javapath;C:\Program Files (x86)\Razer\ChromaBroadcast\bin;C:\Program Files\Razer\ChromaBroadcast\bin;C:\WINDOWS\system32;C:\WINDOWS;C:\WINDOWS\System32\Wbem;C:\WINDOWS\System32\WindowsPowerShell\v1.0\;C:\WINDOWS\System32\OpenSSH\;C:\Program Files\Git\cmd;C:\WINDOWS\system32\config\systemprofile\AppData\Local\Microsoft\WindowsApps;C:\Program Files\NVIDIA Corporation\NVIDIA NvDLISR;C:\Program Files (x86)\NVIDIA Corporation\PhysX\Common;C:\Program Files\dotnet\;C:\SQ\SSCAN\bin;C;C:\Program Files\Graphviz\bin;C:\Program Files\MiKTeX\miktex\bin\x64\;C:\Users\Adn\AppData\Local\Programs\Python\Python312\Scripts\;C:\Users\Adn\AppData\Local\Programs\Python\Python312\;C:\Users\Adn\AppData\Local\Microsoft\WindowsApps;C:\MinGW\bin;C:\Users\Adn\AppData\Local\Programs\Microsoft VS Code\bin;C:\Maven\bin;;."/>
    <property name="java.vm.info" value="mixed mode, sharing"/>
    <property name="stderr.encoding" value="Cp1252"/>
    <property name="java.vendor" value="Oracle Corporation"/>
    <property name="java.vm.version" value="21.0.1+12-LTS-29"/>
    <property name="sun.io.unicode.encoding" value="UnicodeLittle"/>
    <property name="java.class.version" value="65.0"/>
  </properties>
  <testcase name="testRun" classname="test.java.MetVNDTest" time="0"/>
</testsuite>